usage: main_LSDEBM_Vert_01.py [-h] [--num_epochs NUM_EPOCHS]
                              [--batch_size BATCH_SIZE] [--ebm_lr EBM_LR]
                              [--enc_lr ENC_LR] [--dec_lr DEC_LR]
                              [--load_from_ep LOAD_FROM_EP]
                              [--epoch_start EPOCH_START]
                              [--recon_loss RECON_LOSS]
                              [--ebm_dyn_lr EBM_DYN_LR]
                              [--enc_dyn_lr ENC_DYN_LR]
                              [--dec_dyn_lr DEC_DYN_LR] [--EBM_reg EBM_REG]
                              [--save_model] [--train_set TRAIN_SET]
                              [--validation_set VALIDATION_SET]
                              [--test_set TEST_SET] [--experiment EXPERIMENT]
                              [--save_visu SAVE_VISU]
                              [--ep_betw_val EP_BETW_VAL]
                              [--num_channels NUM_CHANNELS]
                              [--num_latents NUM_LATENTS]
                              [--prior_var PRIOR_VAR] [--gen_var GEN_VAR]
                              [--ebm_num_layers EBM_NUM_LAYERS]
                              [--ebm_inner_dim EBM_INNER_DIM]
                              [--prior_bn PRIOR_BN]
                              [--cond_mcmc_steps_tr COND_MCMC_STEPS_TR]
                              [--cond_mcmc_steps_val COND_MCMC_STEPS_VAL]
                              [--cond_mcmc_step_size COND_MCMC_STEP_SIZE]
                              [--diff_timesteps DIFF_TIMESTEPS]
                              [--beta_start BETA_START] [--beta_end BETA_END]
                              [--test_perf TEST_PERF]
main_LSDEBM_Vert_01.py: error: argument --load_from_ep: invalid int value: 'None'
