Pytorch Version: 1.9.0+cu111
Experiment: Train
Namespace(EBM_reg=0, batch_size=4, beta_end=0.01, beta_start=0.0001, cond_mcmc_step_size=0.01, cond_mcmc_steps_tr=300, cond_mcmc_steps_val=300, dec_dyn_lr=None, dec_lr=2e-05, diff_timesteps=30, ebm_dyn_lr=None, ebm_inner_dim=1000, ebm_lr=2e-05, ebm_num_layers=1, enc_dyn_lr=None, enc_lr=2e-05, ep_betw_val=2, epoch_start=0, experiment='Train', gen_var=0.3, load_from_ep=None, num_channels=16, num_epochs=0, num_latents=100, prior_bn=False, prior_var=1.0, recon_loss='bce', save_model=True, save_visu=True, test_perf=True, test_set='XXX_bodies_data_test', train_set='XXX_bodies_data_train', validation_set='XXX_bodies_data_validation')
Main path:  ./../Vert_data/LSD-EBM_Vert/
num_channel 16
num_latent 100
num_channel 16
num_latent 100
e_func num parameters:  1104001
enc_model num parameters:  26336276
dec_model num parameters:  26594865
Training set size:  446
Validation set size:  73
Test set size:  74
main_LSDEBM_Vert_01.py:162: UserWarning: torch.range is deprecated and will be removed in a future release because its behavior is inconsistent with Python's range builtin. Instead, use torch.arange, which produces values in [start, end).
  insert_mask = (torch.ones(hor+1)*t == torch.range(0, hor)).float().to(noise.device)
main_LSDEBM_Vert_01.py:29: DeprecationWarning: `np.int` is a deprecated alias for the builtin `int`. To silence this warning, use `int` by itself. Doing this will not modify any behavior and is safe. When replacing `np.int`, you may wish to use e.g. `np.int64` or `np.int32` to specify the precision. If you wish to review your current use, check the release note link for additional information.
Deprecated in NumPy 1.20; for more details and guidance: https://numpy.org/devdocs/release/1.20.0-notes.html#deprecations
  dice_score = dc(pred.astype(np.int),gt.astype(np.int))
0 / 74 : Dice= 0.03728513596922027
1 / 74 : Dice= 0.06880789070079144
2 / 74 : Dice= 0.05604524256887469
3 / 74 : Dice= 0.06625523396431361
slurmstepd: error: *** JOB 664188 ON bmicgpu06 CANCELLED AT 2023-02-05T15:11:27 ***
