Creating directory at: ./../Vert_data/LSD-EBM_Vert/
Pytorch Version: 1.9.0+cu111
Experiment: Train
Namespace(EBM_reg=0, batch_size=4, beta_end=0.01, beta_start=0.0001, cond_mcmc_step_size=0.01, cond_mcmc_steps_tr=300, cond_mcmc_steps_val=300, dec_dyn_lr=None, dec_lr=2e-05, diff_timesteps=30, ebm_dyn_lr=None, ebm_inner_dim=1000, ebm_lr=2e-05, ebm_num_layers=1, enc_dyn_lr=None, enc_lr=2e-05, ep_betw_val=2, epoch_start=0, experiment='Train', gen_var=0.3, load_from_ep=None, num_channels=16, num_epochs=200, num_latents=100, prior_bn=False, prior_var=1.0, recon_loss='bce', save_model=True, save_visu=True, test_perf=True, test_set='XXX_bodies_data_test', train_set='XXX_bodies_data_train', validation_set='XXX_bodies_data_validation')
Main path:  ./../Vert_data/LSD-EBM_Vert/
num_channel 16
num_latent 100
num_channel 16
num_latent 100
e_func num parameters:  1104001
enc_model num parameters:  26336276
dec_model num parameters:  26594865
Training set size:  446
Validation set size:  73
Test set size:  74
/itet-stor/yankwang/net_scratch/conda_envs/ve_py37_lsd_A100_20230202/lib/python3.7/site-packages/scipy/ndimage/interpolation.py:583: UserWarning: From scipy 0.13.0, the output shape of zoom() is calculated with round() instead of int() - for these inputs the size of the returned array has changed.
  "the returned array has changed.", UserWarning)
main_LSDEBM_Vert_01.py:29: DeprecationWarning: `np.int` is a deprecated alias for the builtin `int`. To silence this warning, use `int` by itself. Doing this will not modify any behavior and is safe. When replacing `np.int`, you may wish to use e.g. `np.int64` or `np.int32` to specify the precision. If you wish to review your current use, check the release note link for additional information.
Deprecated in NumPy 1.20; for more details and guidance: https://numpy.org/devdocs/release/1.20.0-notes.html#deprecations
  dice_score = dc(pred.astype(np.int),gt.astype(np.int))
[0/200][0/111]	en_real: 0.0006	en_noise: 0.0012	en_samp: 0.0002	E_l: 0.0004	Recon_l: 1410415.6250	Recon_l_1: 0.0000	Recon_l_2: 0.0000	Recon_l_3: 0.0000	Recon_l_4: 0.0000	Recon_l_5: 0.0000	Recon_l_6: 0.0000	Dice: 0.0459	DiceProc: 0.0000	FID: 0.0000 

STORE EXAMPLE PATCHES.
[0/200][1/111]	en_real: -0.0479	en_noise: -0.0469	en_samp: -0.0493	E_l: 0.0015	Recon_l: 1406388.7500	Recon_l_1: 0.0000	Recon_l_2: 0.0000	Recon_l_3: 0.0000	Recon_l_4: 0.0000	Recon_l_5: 0.0000	Recon_l_6: 0.0000	Dice: 0.0644	DiceProc: 0.0000	FID: 0.0000 

STORE EXAMPLE PATCHES.
[0/200][2/111]	en_real: -0.0597	en_noise: -0.0556	en_samp: -0.0595	E_l: -0.0003	Recon_l: 1403381.0000	Recon_l_1: 0.0000	Recon_l_2: 0.0000	Recon_l_3: 0.0000	Recon_l_4: 0.0000	Recon_l_5: 0.0000	Recon_l_6: 0.0000	Dice: 0.0641	DiceProc: 0.0000	FID: 0.0000 

STORE EXAMPLE PATCHES.
[0/200][3/111]	en_real: -0.0231	en_noise: -0.0229	en_samp: -0.0250	E_l: 0.0019	Recon_l: 1397777.3750	Recon_l_1: 0.0000	Recon_l_2: 0.0000	Recon_l_3: 0.0000	Recon_l_4: 0.0000	Recon_l_5: 0.0000	Recon_l_6: 0.0000	Dice: 0.0601	DiceProc: 0.0000	FID: 0.0000 

STORE EXAMPLE PATCHES.
[0/200][4/111]	en_real: -0.1025	en_noise: -0.1472	en_samp: -0.1531	E_l: 0.0506	Recon_l: 1393681.8750	Recon_l_1: 0.0000	Recon_l_2: 0.0000	Recon_l_3: 0.0000	Recon_l_4: 0.0000	Recon_l_5: 0.0000	Recon_l_6: 0.0000	Dice: 0.0572	DiceProc: 0.0000	FID: 0.0000 

STORE EXAMPLE PATCHES.
[0/200][5/111]	en_real: -0.0768	en_noise: -0.0700	en_samp: -0.0786	E_l: 0.0017	Recon_l: 1391452.0000	Recon_l_1: 0.0000	Recon_l_2: 0.0000	Recon_l_3: 0.0000	Recon_l_4: 0.0000	Recon_l_5: 0.0000	Recon_l_6: 0.0000	Dice: 0.0523	DiceProc: 0.0000	FID: 0.0000 

STORE EXAMPLE PATCHES.
[0/200][6/111]	en_real: -0.2621	en_noise: -0.2557	en_samp: -0.2629	E_l: 0.0008	Recon_l: 1386703.1250	Recon_l_1: 0.0000	Recon_l_2: 0.0000	Recon_l_3: 0.0000	Recon_l_4: 0.0000	Recon_l_5: 0.0000	Recon_l_6: 0.0000	Dice: 0.0608	DiceProc: 0.0000	FID: 0.0000 

STORE EXAMPLE PATCHES.
[0/200][7/111]	en_real: -0.7588	en_noise: -0.7425	en_samp: -0.7581	E_l: -0.0007	Recon_l: 1383192.6250	Recon_l_1: 0.0000	Recon_l_2: 0.0000	Recon_l_3: 0.0000	Recon_l_4: 0.0000	Recon_l_5: 0.0000	Recon_l_6: 0.0000	Dice: 0.0558	DiceProc: 0.0000	FID: 0.0000 

STORE EXAMPLE PATCHES.
[0/200][8/111]	en_real: -0.9329	en_noise: -0.9009	en_samp: -0.9337	E_l: 0.0008	Recon_l: 1388964.3750	Recon_l_1: 0.0000	Recon_l_2: 0.0000	Recon_l_3: 0.0000	Recon_l_4: 0.0000	Recon_l_5: 0.0000	Recon_l_6: 0.0000	Dice: 0.0633	DiceProc: 0.0000	FID: 0.0000 

STORE EXAMPLE PATCHES.
[0/200][9/111]	en_real: -0.5422	en_noise: -0.5288	en_samp: -0.5422	E_l: -0.0000	Recon_l: 1375445.8750	Recon_l_1: 0.0000	Recon_l_2: 0.0000	Recon_l_3: 0.0000	Recon_l_4: 0.0000	Recon_l_5: 0.0000	Recon_l_6: 0.0000	Dice: 0.0512	DiceProc: 0.0000	FID: 0.0000 

STORE EXAMPLE PATCHES.
[0/200][10/111]	en_real: -0.8623	en_noise: -0.8422	en_samp: -0.8635	E_l: 0.0012	Recon_l: 1374688.8750	Recon_l_1: 0.0000	Recon_l_2: 0.0000	Recon_l_3: 0.0000	Recon_l_4: 0.0000	Recon_l_5: 0.0000	Recon_l_6: 0.0000	Dice: 0.0612	DiceProc: 0.0000	FID: 0.0000 

STORE EXAMPLE PATCHES.
[0/200][11/111]	en_real: -0.3222	en_noise: -0.3076	en_samp: -0.3223	E_l: 0.0001	Recon_l: 1367995.0000	Recon_l_1: 0.0000	Recon_l_2: 0.0000	Recon_l_3: 0.0000	Recon_l_4: 0.0000	Recon_l_5: 0.0000	Recon_l_6: 0.0000	Dice: 0.0652	DiceProc: 0.0000	FID: 0.0000 

STORE EXAMPLE PATCHES.
[0/200][12/111]	en_real: -0.0070	en_noise: -0.0017	en_samp: -0.0066	E_l: -0.0004	Recon_l: 1363309.8750	Recon_l_1: 0.0000	Recon_l_2: 0.0000	Recon_l_3: 0.0000	Recon_l_4: 0.0000	Recon_l_5: 0.0000	Recon_l_6: 0.0000	Dice: 0.0654	DiceProc: 0.0000	FID: 0.0000 

STORE EXAMPLE PATCHES.
[0/200][13/111]	en_real: -1.1540	en_noise: -1.1244	en_samp: -1.1535	E_l: -0.0005	Recon_l: 1359645.5000	Recon_l_1: 0.0000	Recon_l_2: 0.0000	Recon_l_3: 0.0000	Recon_l_4: 0.0000	Recon_l_5: 0.0000	Recon_l_6: 0.0000	Dice: 0.0610	DiceProc: 0.0000	FID: 0.0000 

STORE EXAMPLE PATCHES.
[0/200][14/111]	en_real: -0.7373	en_noise: -0.7003	en_samp: -0.7375	E_l: 0.0002	Recon_l: 1357249.2500	Recon_l_1: 0.0000	Recon_l_2: 0.0000	Recon_l_3: 0.0000	Recon_l_4: 0.0000	Recon_l_5: 0.0000	Recon_l_6: 0.0000	Dice: 0.0747	DiceProc: 0.0000	FID: 0.0000 

STORE EXAMPLE PATCHES.
[0/200][15/111]	en_real: 0.0940	en_noise: 0.0975	en_samp: 0.0935	E_l: 0.0005	Recon_l: 1357832.1250	Recon_l_1: 0.0000	Recon_l_2: 0.0000	Recon_l_3: 0.0000	Recon_l_4: 0.0000	Recon_l_5: 0.0000	Recon_l_6: 0.0000	Dice: 0.0628	DiceProc: 0.0000	FID: 0.0000 

STORE EXAMPLE PATCHES.
[0/200][16/111]	en_real: -4.4548	en_noise: -4.4225	en_samp: -4.4550	E_l: 0.0002	Recon_l: 1351275.6250	Recon_l_1: 0.0000	Recon_l_2: 0.0000	Recon_l_3: 0.0000	Recon_l_4: 0.0000	Recon_l_5: 0.0000	Recon_l_6: 0.0000	Dice: 0.0749	DiceProc: 0.0000	FID: 0.0000 

STORE EXAMPLE PATCHES.
[0/200][17/111]	en_real: -4.0275	en_noise: -3.4847	en_samp: -3.5163	E_l: -0.5112	Recon_l: 1349060.2500	Recon_l_1: 0.0000	Recon_l_2: 0.0000	Recon_l_3: 0.0000	Recon_l_4: 0.0000	Recon_l_5: 0.0000	Recon_l_6: 0.0000	Dice: 0.0608	DiceProc: 0.0000	FID: 0.0000 

STORE EXAMPLE PATCHES.
[0/200][18/111]	en_real: -2.6424	en_noise: -2.5895	en_samp: -2.6429	E_l: 0.0005	Recon_l: 1347632.7500	Recon_l_1: 0.0000	Recon_l_2: 0.0000	Recon_l_3: 0.0000	Recon_l_4: 0.0000	Recon_l_5: 0.0000	Recon_l_6: 0.0000	Dice: 0.0776	DiceProc: 0.0000	FID: 0.0000 

STORE EXAMPLE PATCHES.
[0/200][19/111]	en_real: -3.6825	en_noise: -3.5710	en_samp: -3.6828	E_l: 0.0003	Recon_l: 1337946.7500	Recon_l_1: 0.0000	Recon_l_2: 0.0000	Recon_l_3: 0.0000	Recon_l_4: 0.0000	Recon_l_5: 0.0000	Recon_l_6: 0.0000	Dice: 0.0545	DiceProc: 0.0000	FID: 0.0000 

STORE EXAMPLE PATCHES.
[0/200][20/111]	en_real: -4.1980	en_noise: -4.0991	en_samp: -4.1999	E_l: 0.0019	Recon_l: 1341387.0000	Recon_l_1: 0.0000	Recon_l_2: 0.0000	Recon_l_3: 0.0000	Recon_l_4: 0.0000	Recon_l_5: 0.0000	Recon_l_6: 0.0000	Dice: 0.0543	DiceProc: 0.0000	FID: 0.0000 

STORE EXAMPLE PATCHES.
[0/200][21/111]	en_real: -4.7775	en_noise: -4.6997	en_samp: -4.7769	E_l: -0.0006	Recon_l: 1333554.6250	Recon_l_1: 0.0000	Recon_l_2: 0.0000	Recon_l_3: 0.0000	Recon_l_4: 0.0000	Recon_l_5: 0.0000	Recon_l_6: 0.0000	Dice: 0.0576	DiceProc: 0.0000	FID: 0.0000 

STORE EXAMPLE PATCHES.
[0/200][22/111]	en_real: -4.4034	en_noise: -4.2689	en_samp: -4.4043	E_l: 0.0009	Recon_l: 1333243.1250	Recon_l_1: 0.0000	Recon_l_2: 0.0000	Recon_l_3: 0.0000	Recon_l_4: 0.0000	Recon_l_5: 0.0000	Recon_l_6: 0.0000	Dice: 0.0698	DiceProc: 0.0000	FID: 0.0000 

STORE EXAMPLE PATCHES.
[0/200][23/111]	en_real: -2.7535	en_noise: -1.4412	en_samp: -1.3940	E_l: -1.3595	Recon_l: 1325354.3750	Recon_l_1: 0.0000	Recon_l_2: 0.0000	Recon_l_3: 0.0000	Recon_l_4: 0.0000	Recon_l_5: 0.0000	Recon_l_6: 0.0000	Dice: 0.0490	DiceProc: 0.0000	FID: 0.0000 

STORE EXAMPLE PATCHES.
[0/200][24/111]	en_real: -11.1151	en_noise: -10.8847	en_samp: -11.1169	E_l: 0.0018	Recon_l: 1320240.5000	Recon_l_1: 0.0000	Recon_l_2: 0.0000	Recon_l_3: 0.0000	Recon_l_4: 0.0000	Recon_l_5: 0.0000	Recon_l_6: 0.0000	Dice: 0.0679	DiceProc: 0.0000	FID: 0.0000 

STORE EXAMPLE PATCHES.
[0/200][25/111]	en_real: -3.7874	en_noise: -1.4031	en_samp: -1.3679	E_l: -2.4195	Recon_l: 1318470.5000	Recon_l_1: 0.0000	Recon_l_2: 0.0000	Recon_l_3: 0.0000	Recon_l_4: 0.0000	Recon_l_5: 0.0000	Recon_l_6: 0.0000	Dice: 0.0481	DiceProc: 0.0000	FID: 0.0000 

STORE EXAMPLE PATCHES.
[0/200][26/111]	en_real: -11.1618	en_noise: -10.8229	en_samp: -11.1611	E_l: -0.0007	Recon_l: 1328076.1250	Recon_l_1: 0.0000	Recon_l_2: 0.0000	Recon_l_3: 0.0000	Recon_l_4: 0.0000	Recon_l_5: 0.0000	Recon_l_6: 0.0000	Dice: 0.0617	DiceProc: 0.0000	FID: 0.0000 

STORE EXAMPLE PATCHES.
[0/200][27/111]	en_real: -15.8993	en_noise: -15.3922	en_samp: -15.9023	E_l: 0.0030	Recon_l: 1327987.6250	Recon_l_1: 0.0000	Recon_l_2: 0.0000	Recon_l_3: 0.0000	Recon_l_4: 0.0000	Recon_l_5: 0.0000	Recon_l_6: 0.0000	Dice: 0.0653	DiceProc: 0.0000	FID: 0.0000 

STORE EXAMPLE PATCHES.
[0/200][28/111]	en_real: -13.5453	en_noise: -13.2320	en_samp: -13.5485	E_l: 0.0032	Recon_l: 1312190.8750	Recon_l_1: 0.0000	Recon_l_2: 0.0000	Recon_l_3: 0.0000	Recon_l_4: 0.0000	Recon_l_5: 0.0000	Recon_l_6: 0.0000	Dice: 0.0724	DiceProc: 0.0000	FID: 0.0000 

STORE EXAMPLE PATCHES.
[0/200][29/111]	en_real: -14.3311	en_noise: -14.0547	en_samp: -14.3314	E_l: 0.0002	Recon_l: 1301564.7500	Recon_l_1: 0.0000	Recon_l_2: 0.0000	Recon_l_3: 0.0000	Recon_l_4: 0.0000	Recon_l_5: 0.0000	Recon_l_6: 0.0000	Dice: 0.0523	DiceProc: 0.0000	FID: 0.0000 

STORE EXAMPLE PATCHES.
[0/200][30/111]	en_real: -24.1002	en_noise: -23.7380	en_samp: -24.0986	E_l: -0.0016	Recon_l: 1308916.3750	Recon_l_1: 0.0000	Recon_l_2: 0.0000	Recon_l_3: 0.0000	Recon_l_4: 0.0000	Recon_l_5: 0.0000	Recon_l_6: 0.0000	Dice: 0.0579	DiceProc: 0.0000	FID: 0.0000 

STORE EXAMPLE PATCHES.
[0/200][31/111]	en_real: -26.4476	en_noise: -25.9670	en_samp: -26.4438	E_l: -0.0039	Recon_l: 1295366.2500	Recon_l_1: 0.0000	Recon_l_2: 0.0000	Recon_l_3: 0.0000	Recon_l_4: 0.0000	Recon_l_5: 0.0000	Recon_l_6: 0.0000	Dice: 0.0542	DiceProc: 0.0000	FID: 0.0000 

STORE EXAMPLE PATCHES.
[0/200][32/111]	en_real: -25.4396	en_noise: -24.9967	en_samp: -25.4349	E_l: -0.0047	Recon_l: 1291155.8750	Recon_l_1: 0.0000	Recon_l_2: 0.0000	Recon_l_3: 0.0000	Recon_l_4: 0.0000	Recon_l_5: 0.0000	Recon_l_6: 0.0000	Dice: 0.0484	DiceProc: 0.0000	FID: 0.0000 

STORE EXAMPLE PATCHES.
[0/200][33/111]	en_real: -41.1244	en_noise: -40.6947	en_samp: -41.1240	E_l: -0.0003	Recon_l: 1289946.2500	Recon_l_1: 0.0000	Recon_l_2: 0.0000	Recon_l_3: 0.0000	Recon_l_4: 0.0000	Recon_l_5: 0.0000	Recon_l_6: 0.0000	Dice: 0.0612	DiceProc: 0.0000	FID: 0.0000 

STORE EXAMPLE PATCHES.
[0/200][34/111]	en_real: -27.7269	en_noise: -22.3250	en_samp: -22.8838	E_l: -4.8431	Recon_l: 1287584.6250	Recon_l_1: 0.0000	Recon_l_2: 0.0000	Recon_l_3: 0.0000	Recon_l_4: 0.0000	Recon_l_5: 0.0000	Recon_l_6: 0.0000	Dice: 0.0577	DiceProc: 0.0000	FID: 0.0000 

STORE EXAMPLE PATCHES.
[0/200][35/111]	en_real: -38.5910	en_noise: -37.2882	en_samp: -38.5963	E_l: 0.0052	Recon_l: 1268038.7500	Recon_l_1: 0.0000	Recon_l_2: 0.0000	Recon_l_3: 0.0000	Recon_l_4: 0.0000	Recon_l_5: 0.0000	Recon_l_6: 0.0000	Dice: 0.0654	DiceProc: 0.0000	FID: 0.0000 

STORE EXAMPLE PATCHES.
[0/200][36/111]	en_real: -40.8194	en_noise: -40.1337	en_samp: -40.8215	E_l: 0.0021	Recon_l: 1272252.0000	Recon_l_1: 0.0000	Recon_l_2: 0.0000	Recon_l_3: 0.0000	Recon_l_4: 0.0000	Recon_l_5: 0.0000	Recon_l_6: 0.0000	Dice: 0.0514	DiceProc: 0.0000	FID: 0.0000 

STORE EXAMPLE PATCHES.
[0/200][37/111]	en_real: -72.3279	en_noise: -71.0708	en_samp: -72.3219	E_l: -0.0060	Recon_l: 1280315.5000	Recon_l_1: 0.0000	Recon_l_2: 0.0000	Recon_l_3: 0.0000	Recon_l_4: 0.0000	Recon_l_5: 0.0000	Recon_l_6: 0.0000	Dice: 0.0558	DiceProc: 0.0000	FID: 0.0000 

STORE EXAMPLE PATCHES.
[0/200][38/111]	en_real: -86.0081	en_noise: -83.7719	en_samp: -86.0055	E_l: -0.0026	Recon_l: 1273837.2500	Recon_l_1: 0.0000	Recon_l_2: 0.0000	Recon_l_3: 0.0000	Recon_l_4: 0.0000	Recon_l_5: 0.0000	Recon_l_6: 0.0000	Dice: 0.0504	DiceProc: 0.0000	FID: 0.0000 

STORE EXAMPLE PATCHES.
[0/200][39/111]	en_real: -101.3885	en_noise: -99.0254	en_samp: -101.4070	E_l: 0.0185	Recon_l: 1273282.1250	Recon_l_1: 0.0000	Recon_l_2: 0.0000	Recon_l_3: 0.0000	Recon_l_4: 0.0000	Recon_l_5: 0.0000	Recon_l_6: 0.0000	Dice: 0.0558	DiceProc: 0.0000	FID: 0.0000 

STORE EXAMPLE PATCHES.
[0/200][40/111]	en_real: -140.1139	en_noise: -137.5036	en_samp: -140.1169	E_l: 0.0031	Recon_l: 1259567.3750	Recon_l_1: 0.0000	Recon_l_2: 0.0000	Recon_l_3: 0.0000	Recon_l_4: 0.0000	Recon_l_5: 0.0000	Recon_l_6: 0.0000	Dice: 0.0403	DiceProc: 0.0000	FID: 0.0000 

STORE EXAMPLE PATCHES.
[0/200][41/111]	en_real: -85.3335	en_noise: -82.9228	en_samp: -85.3392	E_l: 0.0057	Recon_l: 1244610.1250	Recon_l_1: 0.0000	Recon_l_2: 0.0000	Recon_l_3: 0.0000	Recon_l_4: 0.0000	Recon_l_5: 0.0000	Recon_l_6: 0.0000	Dice: 0.0381	DiceProc: 0.0000	FID: 0.0000 

STORE EXAMPLE PATCHES.
[0/200][42/111]	en_real: -289.6831	en_noise: -282.7787	en_samp: -289.6749	E_l: -0.0082	Recon_l: 1258447.1250	Recon_l_1: 0.0000	Recon_l_2: 0.0000	Recon_l_3: 0.0000	Recon_l_4: 0.0000	Recon_l_5: 0.0000	Recon_l_6: 0.0000	Dice: 0.0494	DiceProc: 0.0000	FID: 0.0000 

STORE EXAMPLE PATCHES.
[0/200][43/111]	en_real: -583.9733	en_noise: -571.3607	en_samp: -584.0096	E_l: 0.0363	Recon_l: 1268733.7500	Recon_l_1: 0.0000	Recon_l_2: 0.0000	Recon_l_3: 0.0000	Recon_l_4: 0.0000	Recon_l_5: 0.0000	Recon_l_6: 0.0000	Dice: 0.0545	DiceProc: 0.0000	FID: 0.0000 

STORE EXAMPLE PATCHES.
[0/200][44/111]	en_real: -335.5135	en_noise: -328.9544	en_samp: -335.5238	E_l: 0.0104	Recon_l: 1252250.6250	Recon_l_1: 0.0000	Recon_l_2: 0.0000	Recon_l_3: 0.0000	Recon_l_4: 0.0000	Recon_l_5: 0.0000	Recon_l_6: 0.0000	Dice: 0.0553	DiceProc: 0.0000	FID: 0.0000 

STORE EXAMPLE PATCHES.
[0/200][45/111]	en_real: -380.7723	en_noise: -371.7841	en_samp: -380.7779	E_l: 0.0056	Recon_l: 1234228.5000	Recon_l_1: 0.0000	Recon_l_2: 0.0000	Recon_l_3: 0.0000	Recon_l_4: 0.0000	Recon_l_5: 0.0000	Recon_l_6: 0.0000	Dice: 0.0607	DiceProc: 0.0000	FID: 0.0000 

STORE EXAMPLE PATCHES.
[0/200][46/111]	en_real: -251.2469	en_noise: -244.5750	en_samp: -251.2578	E_l: 0.0110	Recon_l: 1252495.3750	Recon_l_1: 0.0000	Recon_l_2: 0.0000	Recon_l_3: 0.0000	Recon_l_4: 0.0000	Recon_l_5: 0.0000	Recon_l_6: 0.0000	Dice: 0.0587	DiceProc: 0.0000	FID: 0.0000 

STORE EXAMPLE PATCHES.
[0/200][47/111]	en_real: -3323.7632	en_noise: -3288.1196	en_samp: -3323.7207	E_l: -0.0422	Recon_l: 1206093.2500	Recon_l_1: 0.0000	Recon_l_2: 0.0000	Recon_l_3: 0.0000	Recon_l_4: 0.0000	Recon_l_5: 0.0000	Recon_l_6: 0.0000	Dice: 0.0591	DiceProc: 0.0000	FID: 0.0000 

STORE EXAMPLE PATCHES.
[0/200][48/111]	en_real: -394.5324	en_noise: -391.3556	en_samp: -394.5230	E_l: -0.0094	Recon_l: 1209169.6250	Recon_l_1: 0.0000	Recon_l_2: 0.0000	Recon_l_3: 0.0000	Recon_l_4: 0.0000	Recon_l_5: 0.0000	Recon_l_6: 0.0000	Dice: 0.0424	DiceProc: 0.0000	FID: 0.0000 

STORE EXAMPLE PATCHES.
[0/200][49/111]	en_real: -809.1033	en_noise: -791.1907	en_samp: -809.1022	E_l: -0.0011	Recon_l: 1232222.2500	Recon_l_1: 0.0000	Recon_l_2: 0.0000	Recon_l_3: 0.0000	Recon_l_4: 0.0000	Recon_l_5: 0.0000	Recon_l_6: 0.0000	Dice: 0.0478	DiceProc: 0.0000	FID: 0.0000 

STORE EXAMPLE PATCHES.
[0/200][50/111]	en_real: -1261.4778	en_noise: -1220.4851	en_samp: -1261.5250	E_l: 0.0473	Recon_l: 1239758.2500	Recon_l_1: 0.0000	Recon_l_2: 0.0000	Recon_l_3: 0.0000	Recon_l_4: 0.0000	Recon_l_5: 0.0000	Recon_l_6: 0.0000	Dice: 0.0370	DiceProc: 0.0000	FID: 0.0000 

STORE EXAMPLE PATCHES.
[0/200][51/111]	en_real: -490.4592	en_noise: -424.3666	en_samp: -425.3702	E_l: -65.0889	Recon_l: 1213856.2500	Recon_l_1: 0.0000	Recon_l_2: 0.0000	Recon_l_3: 0.0000	Recon_l_4: 0.0000	Recon_l_5: 0.0000	Recon_l_6: 0.0000	Dice: 0.0553	DiceProc: 0.0000	FID: 0.0000 

STORE EXAMPLE PATCHES.
[0/200][52/111]	en_real: -462.0543	en_noise: -449.3767	en_samp: -462.0883	E_l: 0.0341	Recon_l: 1204191.5000	Recon_l_1: 0.0000	Recon_l_2: 0.0000	Recon_l_3: 0.0000	Recon_l_4: 0.0000	Recon_l_5: 0.0000	Recon_l_6: 0.0000	Dice: 0.0483	DiceProc: 0.0000	FID: 0.0000 

STORE EXAMPLE PATCHES.
[0/200][53/111]	en_real: -3176.9648	en_noise: -3111.9097	en_samp: -3176.8813	E_l: -0.0835	Recon_l: 1228380.0000	Recon_l_1: 0.0000	Recon_l_2: 0.0000	Recon_l_3: 0.0000	Recon_l_4: 0.0000	Recon_l_5: 0.0000	Recon_l_6: 0.0000	Dice: 0.0618	DiceProc: 0.0000	FID: 0.0000 

STORE EXAMPLE PATCHES.
[0/200][54/111]	en_real: -2576.3208	en_noise: -2506.9187	en_samp: -2576.3447	E_l: 0.0239	Recon_l: 1210405.7500	Recon_l_1: 0.0000	Recon_l_2: 0.0000	Recon_l_3: 0.0000	Recon_l_4: 0.0000	Recon_l_5: 0.0000	Recon_l_6: 0.0000	Dice: 0.0504	DiceProc: 0.0000	FID: 0.0000 

STORE EXAMPLE PATCHES.
[0/200][55/111]	en_real: -4647.8906	en_noise: -4510.8188	en_samp: -4647.9019	E_l: 0.0116	Recon_l: 1194381.5000	Recon_l_1: 0.0000	Recon_l_2: 0.0000	Recon_l_3: 0.0000	Recon_l_4: 0.0000	Recon_l_5: 0.0000	Recon_l_6: 0.0000	Dice: 0.0592	DiceProc: 0.0000	FID: 0.0000 

STORE EXAMPLE PATCHES.
[0/200][56/111]	en_real: -5767.7324	en_noise: -5735.8672	en_samp: -5767.8477	E_l: 0.1155	Recon_l: 1184159.5000	Recon_l_1: 0.0000	Recon_l_2: 0.0000	Recon_l_3: 0.0000	Recon_l_4: 0.0000	Recon_l_5: 0.0000	Recon_l_6: 0.0000	Dice: 0.0626	DiceProc: 0.0000	FID: 0.0000 

STORE EXAMPLE PATCHES.
[0/200][57/111]	en_real: -6822.0669	en_noise: -6584.9102	en_samp: -6821.9600	E_l: -0.1074	Recon_l: 1215584.3750	Recon_l_1: 0.0000	Recon_l_2: 0.0000	Recon_l_3: 0.0000	Recon_l_4: 0.0000	Recon_l_5: 0.0000	Recon_l_6: 0.0000	Dice: 0.0533	DiceProc: 0.0000	FID: 0.0000 

STORE EXAMPLE PATCHES.
[0/200][58/111]	en_real: -1967.7363	en_noise: -1950.9686	en_samp: -1967.7047	E_l: -0.0317	Recon_l: 1181547.8750	Recon_l_1: 0.0000	Recon_l_2: 0.0000	Recon_l_3: 0.0000	Recon_l_4: 0.0000	Recon_l_5: 0.0000	Recon_l_6: 0.0000	Dice: 0.0597	DiceProc: 0.0000	FID: 0.0000 

STORE EXAMPLE PATCHES.
[0/200][59/111]	en_real: -3573.4858	en_noise: -3476.8386	en_samp: -3573.4834	E_l: -0.0022	Recon_l: 1161631.0000	Recon_l_1: 0.0000	Recon_l_2: 0.0000	Recon_l_3: 0.0000	Recon_l_4: 0.0000	Recon_l_5: 0.0000	Recon_l_6: 0.0000	Dice: 0.0528	DiceProc: 0.0000	FID: 0.0000 

STORE EXAMPLE PATCHES.
[0/200][60/111]	en_real: -9097.8535	en_noise: -9031.6826	en_samp: -9097.8545	E_l: 0.0002	Recon_l: 1203392.6250	Recon_l_1: 0.0000	Recon_l_2: 0.0000	Recon_l_3: 0.0000	Recon_l_4: 0.0000	Recon_l_5: 0.0000	Recon_l_6: 0.0000	Dice: 0.0362	DiceProc: 0.0000	FID: 0.0000 

STORE EXAMPLE PATCHES.
[0/200][61/111]	en_real: -8548.9365	en_noise: -8338.7266	en_samp: -8548.9375	E_l: 0.0001	Recon_l: 1197069.7500	Recon_l_1: 0.0000	Recon_l_2: 0.0000	Recon_l_3: 0.0000	Recon_l_4: 0.0000	Recon_l_5: 0.0000	Recon_l_6: 0.0000	Dice: 0.0545	DiceProc: 0.0000	FID: 0.0000 

STORE EXAMPLE PATCHES.
[0/200][62/111]	en_real: -5418.7964	en_noise: -5331.6157	en_samp: -5418.7900	E_l: -0.0060	Recon_l: 1150051.1250	Recon_l_1: 0.0000	Recon_l_2: 0.0000	Recon_l_3: 0.0000	Recon_l_4: 0.0000	Recon_l_5: 0.0000	Recon_l_6: 0.0000	Dice: 0.0686	DiceProc: 0.0000	FID: 0.0000 

STORE EXAMPLE PATCHES.
[0/200][63/111]	en_real: -1032.7865	en_noise: -1008.3052	en_samp: -1032.8380	E_l: 0.0515	Recon_l: 1152033.7500	Recon_l_1: 0.0000	Recon_l_2: 0.0000	Recon_l_3: 0.0000	Recon_l_4: 0.0000	Recon_l_5: 0.0000	Recon_l_6: 0.0000	Dice: 0.0487	DiceProc: 0.0000	FID: 0.0000 

STORE EXAMPLE PATCHES.
[0/200][64/111]	en_real: -3962.5947	en_noise: -3734.4658	en_samp: -3777.3896	E_l: -185.2050	Recon_l: 1169126.0000	Recon_l_1: 0.0000	Recon_l_2: 0.0000	Recon_l_3: 0.0000	Recon_l_4: 0.0000	Recon_l_5: 0.0000	Recon_l_6: 0.0000	Dice: 0.0477	DiceProc: 0.0000	FID: 0.0000 

STORE EXAMPLE PATCHES.
[0/200][65/111]	en_real: -14001.2852	en_noise: -13526.0039	en_samp: -14001.1123	E_l: -0.1720	Recon_l: 1176138.0000	Recon_l_1: 0.0000	Recon_l_2: 0.0000	Recon_l_3: 0.0000	Recon_l_4: 0.0000	Recon_l_5: 0.0000	Recon_l_6: 0.0000	Dice: 0.0423	DiceProc: 0.0000	FID: 0.0000 

STORE EXAMPLE PATCHES.
[0/200][66/111]	en_real: -6624.4531	en_noise: -6558.4238	en_samp: -6624.4551	E_l: 0.0028	Recon_l: 1124948.5000	Recon_l_1: 0.0000	Recon_l_2: 0.0000	Recon_l_3: 0.0000	Recon_l_4: 0.0000	Recon_l_5: 0.0000	Recon_l_6: 0.0000	Dice: 0.0486	DiceProc: 0.0000	FID: 0.0000 

STORE EXAMPLE PATCHES.
[0/200][67/111]	en_real: -2826.3701	en_noise: -2784.8142	en_samp: -2826.3894	E_l: 0.0192	Recon_l: 1169034.0000	Recon_l_1: 0.0000	Recon_l_2: 0.0000	Recon_l_3: 0.0000	Recon_l_4: 0.0000	Recon_l_5: 0.0000	Recon_l_6: 0.0000	Dice: 0.0448	DiceProc: 0.0000	FID: 0.0000 

STORE EXAMPLE PATCHES.
[0/200][68/111]	en_real: -7431.4385	en_noise: -6528.4551	en_samp: -6622.1313	E_l: -809.3069	Recon_l: 1166938.6250	Recon_l_1: 0.0000	Recon_l_2: 0.0000	Recon_l_3: 0.0000	Recon_l_4: 0.0000	Recon_l_5: 0.0000	Recon_l_6: 0.0000	Dice: 0.0595	DiceProc: 0.0000	FID: 0.0000 

STORE EXAMPLE PATCHES.
[0/200][69/111]	en_real: -18166.6562	en_noise: -17922.7441	en_samp: -18166.7207	E_l: 0.0663	Recon_l: 1130684.5000	Recon_l_1: 0.0000	Recon_l_2: 0.0000	Recon_l_3: 0.0000	Recon_l_4: 0.0000	Recon_l_5: 0.0000	Recon_l_6: 0.0000	Dice: 0.0519	DiceProc: 0.0000	FID: 0.0000 

STORE EXAMPLE PATCHES.
[0/200][70/111]	en_real: -16438.9121	en_noise: -16270.9375	en_samp: -16438.7852	E_l: -0.1258	Recon_l: 1119721.7500	Recon_l_1: 0.0000	Recon_l_2: 0.0000	Recon_l_3: 0.0000	Recon_l_4: 0.0000	Recon_l_5: 0.0000	Recon_l_6: 0.0000	Dice: 0.0625	DiceProc: 0.0000	FID: 0.0000 

STORE EXAMPLE PATCHES.
[0/200][71/111]	en_real: -1725.9902	en_noise: -1685.3860	en_samp: -1726.0155	E_l: 0.0253	Recon_l: 1148192.2500	Recon_l_1: 0.0000	Recon_l_2: 0.0000	Recon_l_3: 0.0000	Recon_l_4: 0.0000	Recon_l_5: 0.0000	Recon_l_6: 0.0000	Dice: 0.0461	DiceProc: 0.0000	FID: 0.0000 

STORE EXAMPLE PATCHES.
[0/200][72/111]	en_real: -6459.1294	en_noise: -6342.3535	en_samp: -6459.2285	E_l: 0.0993	Recon_l: 1148191.7500	Recon_l_1: 0.0000	Recon_l_2: 0.0000	Recon_l_3: 0.0000	Recon_l_4: 0.0000	Recon_l_5: 0.0000	Recon_l_6: 0.0000	Dice: 0.0552	DiceProc: 0.0000	FID: 0.0000 

STORE EXAMPLE PATCHES.
[0/200][73/111]	en_real: -9945.0156	en_noise: -9845.7295	en_samp: -9945.0273	E_l: 0.0123	Recon_l: 1146119.3750	Recon_l_1: 0.0000	Recon_l_2: 0.0000	Recon_l_3: 0.0000	Recon_l_4: 0.0000	Recon_l_5: 0.0000	Recon_l_6: 0.0000	Dice: 0.0558	DiceProc: 0.0000	FID: 0.0000 

STORE EXAMPLE PATCHES.
[0/200][74/111]	en_real: -6619.0059	en_noise: -6538.0874	en_samp: -6618.8774	E_l: -0.1280	Recon_l: 1102223.0000	Recon_l_1: 0.0000	Recon_l_2: 0.0000	Recon_l_3: 0.0000	Recon_l_4: 0.0000	Recon_l_5: 0.0000	Recon_l_6: 0.0000	Dice: 0.0499	DiceProc: 0.0000	FID: 0.0000 

STORE EXAMPLE PATCHES.
[0/200][75/111]	en_real: -6302.5234	en_noise: -6242.3174	en_samp: -6302.5381	E_l: 0.0152	Recon_l: 1155497.0000	Recon_l_1: 0.0000	Recon_l_2: 0.0000	Recon_l_3: 0.0000	Recon_l_4: 0.0000	Recon_l_5: 0.0000	Recon_l_6: 0.0000	Dice: 0.0622	DiceProc: 0.0000	FID: 0.0000 

STORE EXAMPLE PATCHES.
[0/200][76/111]	en_real: -1654.2566	en_noise: -1623.3832	en_samp: -1654.2551	E_l: -0.0014	Recon_l: 1116933.6250	Recon_l_1: 0.0000	Recon_l_2: 0.0000	Recon_l_3: 0.0000	Recon_l_4: 0.0000	Recon_l_5: 0.0000	Recon_l_6: 0.0000	Dice: 0.0483	DiceProc: 0.0000	FID: 0.0000 

STORE EXAMPLE PATCHES.
[0/200][77/111]	en_real: -29697.4961	en_noise: -28704.0312	en_samp: -29697.4570	E_l: -0.0408	Recon_l: 1148800.7500	Recon_l_1: 0.0000	Recon_l_2: 0.0000	Recon_l_3: 0.0000	Recon_l_4: 0.0000	Recon_l_5: 0.0000	Recon_l_6: 0.0000	Dice: 0.0270	DiceProc: 0.0000	FID: 0.0000 

STORE EXAMPLE PATCHES.
[0/200][78/111]	en_real: -9070.3887	en_noise: -8921.2891	en_samp: -9070.5205	E_l: 0.1317	Recon_l: 1136547.5000	Recon_l_1: 0.0000	Recon_l_2: 0.0000	Recon_l_3: 0.0000	Recon_l_4: 0.0000	Recon_l_5: 0.0000	Recon_l_6: 0.0000	Dice: 0.0277	DiceProc: 0.0000	FID: 0.0000 

STORE EXAMPLE PATCHES.
[0/200][79/111]	en_real: -2664.5703	en_noise: -2597.6396	en_samp: -2664.5688	E_l: -0.0015	Recon_l: 1096751.1250	Recon_l_1: 0.0000	Recon_l_2: 0.0000	Recon_l_3: 0.0000	Recon_l_4: 0.0000	Recon_l_5: 0.0000	Recon_l_6: 0.0000	Dice: 0.0514	DiceProc: 0.0000	FID: 0.0000 

STORE EXAMPLE PATCHES.
[0/200][80/111]	en_real: -39118.7383	en_noise: -38240.2109	en_samp: -39118.6328	E_l: -0.1060	Recon_l: 1097572.3750	Recon_l_1: 0.0000	Recon_l_2: 0.0000	Recon_l_3: 0.0000	Recon_l_4: 0.0000	Recon_l_5: 0.0000	Recon_l_6: 0.0000	Dice: 0.0445	DiceProc: 0.0000	FID: 0.0000 

STORE EXAMPLE PATCHES.
[0/200][81/111]	en_real: -4074.2083	en_noise: -3976.1211	en_samp: -4074.2104	E_l: 0.0023	Recon_l: 1130241.1250	Recon_l_1: 0.0000	Recon_l_2: 0.0000	Recon_l_3: 0.0000	Recon_l_4: 0.0000	Recon_l_5: 0.0000	Recon_l_6: 0.0000	Dice: 0.0259	DiceProc: 0.0000	FID: 0.0000 

STORE EXAMPLE PATCHES.
[0/200][82/111]	en_real: -3858.2998	en_noise: -3778.6851	en_samp: -3858.2874	E_l: -0.0124	Recon_l: 1119381.2500	Recon_l_1: 0.0000	Recon_l_2: 0.0000	Recon_l_3: 0.0000	Recon_l_4: 0.0000	Recon_l_5: 0.0000	Recon_l_6: 0.0000	Dice: 0.0471	DiceProc: 0.0000	FID: 0.0000 

STORE EXAMPLE PATCHES.
[0/200][83/111]	en_real: -5614.3999	en_noise: -5427.4292	en_samp: -5495.3657	E_l: -119.0344	Recon_l: 1108955.7500	Recon_l_1: 0.0000	Recon_l_2: 0.0000	Recon_l_3: 0.0000	Recon_l_4: 0.0000	Recon_l_5: 0.0000	Recon_l_6: 0.0000	Dice: 0.0462	DiceProc: 0.0000	FID: 0.0000 

STORE EXAMPLE PATCHES.
[0/200][84/111]	en_real: -11090.1885	en_noise: -10797.2637	en_samp: -11090.1631	E_l: -0.0255	Recon_l: 1122630.7500	Recon_l_1: 0.0000	Recon_l_2: 0.0000	Recon_l_3: 0.0000	Recon_l_4: 0.0000	Recon_l_5: 0.0000	Recon_l_6: 0.0000	Dice: 0.0444	DiceProc: 0.0000	FID: 0.0000 

STORE EXAMPLE PATCHES.
[0/200][85/111]	en_real: -6912.7520	en_noise: -6800.2153	en_samp: -6912.8242	E_l: 0.0719	Recon_l: 1100454.2500	Recon_l_1: 0.0000	Recon_l_2: 0.0000	Recon_l_3: 0.0000	Recon_l_4: 0.0000	Recon_l_5: 0.0000	Recon_l_6: 0.0000	Dice: 0.0520	DiceProc: 0.0000	FID: 0.0000 

STORE EXAMPLE PATCHES.
[0/200][86/111]	en_real: -3317.8552	en_noise: -3236.9182	en_samp: -3317.8398	E_l: -0.0155	Recon_l: 1109366.0000	Recon_l_1: 0.0000	Recon_l_2: 0.0000	Recon_l_3: 0.0000	Recon_l_4: 0.0000	Recon_l_5: 0.0000	Recon_l_6: 0.0000	Dice: 0.0365	DiceProc: 0.0000	FID: 0.0000 

STORE EXAMPLE PATCHES.
[0/200][87/111]	en_real: -11863.4395	en_noise: -11704.1865	en_samp: -11863.5479	E_l: 0.1073	Recon_l: 1104885.7500	Recon_l_1: 0.0000	Recon_l_2: 0.0000	Recon_l_3: 0.0000	Recon_l_4: 0.0000	Recon_l_5: 0.0000	Recon_l_6: 0.0000	Dice: 0.0751	DiceProc: 0.0000	FID: 0.0000 

STORE EXAMPLE PATCHES.
[0/200][88/111]	en_real: -16239.6855	en_noise: -15920.6533	en_samp: -16239.8105	E_l: 0.1240	Recon_l: 1112035.0000	Recon_l_1: 0.0000	Recon_l_2: 0.0000	Recon_l_3: 0.0000	Recon_l_4: 0.0000	Recon_l_5: 0.0000	Recon_l_6: 0.0000	Dice: 0.0323	DiceProc: 0.0000	FID: 0.0000 

STORE EXAMPLE PATCHES.
[0/200][89/111]	en_real: -39519.6406	en_noise: -38104.8711	en_samp: -39519.6016	E_l: -0.0392	Recon_l: 1120772.1250	Recon_l_1: 0.0000	Recon_l_2: 0.0000	Recon_l_3: 0.0000	Recon_l_4: 0.0000	Recon_l_5: 0.0000	Recon_l_6: 0.0000	Dice: 0.0292	DiceProc: 0.0000	FID: 0.0000 

STORE EXAMPLE PATCHES.
[0/200][90/111]	en_real: -6408.8428	en_noise: -6349.6968	en_samp: -6408.8442	E_l: 0.0013	Recon_l: 1091187.7500	Recon_l_1: 0.0000	Recon_l_2: 0.0000	Recon_l_3: 0.0000	Recon_l_4: 0.0000	Recon_l_5: 0.0000	Recon_l_6: 0.0000	Dice: 0.0545	DiceProc: 0.0000	FID: 0.0000 

STORE EXAMPLE PATCHES.
[0/200][91/111]	en_real: -4365.5132	en_noise: -3002.4380	en_samp: -3027.2712	E_l: -1338.2418	Recon_l: 1074676.5000	Recon_l_1: 0.0000	Recon_l_2: 0.0000	Recon_l_3: 0.0000	Recon_l_4: 0.0000	Recon_l_5: 0.0000	Recon_l_6: 0.0000	Dice: 0.0505	DiceProc: 0.0000	FID: 0.0000 

STORE EXAMPLE PATCHES.
[0/200][92/111]	en_real: -18678.4922	en_noise: -18391.7637	en_samp: -18678.5312	E_l: 0.0391	Recon_l: 1049636.7500	Recon_l_1: 0.0000	Recon_l_2: 0.0000	Recon_l_3: 0.0000	Recon_l_4: 0.0000	Recon_l_5: 0.0000	Recon_l_6: 0.0000	Dice: 0.0564	DiceProc: 0.0000	FID: 0.0000 

STORE EXAMPLE PATCHES.
[0/200][93/111]	en_real: -5145.4282	en_noise: -5102.1396	en_samp: -5145.3779	E_l: -0.0503	Recon_l: 1097452.1250	Recon_l_1: 0.0000	Recon_l_2: 0.0000	Recon_l_3: 0.0000	Recon_l_4: 0.0000	Recon_l_5: 0.0000	Recon_l_6: 0.0000	Dice: 0.0174	DiceProc: 0.0000	FID: 0.0000 

STORE EXAMPLE PATCHES.
[0/200][94/111]	en_real: -9325.0605	en_noise: -9240.4824	en_samp: -9325.1035	E_l: 0.0430	Recon_l: 1080690.8750	Recon_l_1: 0.0000	Recon_l_2: 0.0000	Recon_l_3: 0.0000	Recon_l_4: 0.0000	Recon_l_5: 0.0000	Recon_l_6: 0.0000	Dice: 0.0266	DiceProc: 0.0000	FID: 0.0000 

STORE EXAMPLE PATCHES.
[0/200][95/111]	en_real: -3872.2981	en_noise: -3779.2280	en_samp: -3872.3435	E_l: 0.0455	Recon_l: 1069654.0000	Recon_l_1: 0.0000	Recon_l_2: 0.0000	Recon_l_3: 0.0000	Recon_l_4: 0.0000	Recon_l_5: 0.0000	Recon_l_6: 0.0000	Dice: 0.0307	DiceProc: 0.0000	FID: 0.0000 

STORE EXAMPLE PATCHES.
[0/200][96/111]	en_real: -5476.8994	en_noise: -5396.6089	en_samp: -5476.9805	E_l: 0.0809	Recon_l: 1091760.2500	Recon_l_1: 0.0000	Recon_l_2: 0.0000	Recon_l_3: 0.0000	Recon_l_4: 0.0000	Recon_l_5: 0.0000	Recon_l_6: 0.0000	Dice: 0.0323	DiceProc: 0.0000	FID: 0.0000 

STORE EXAMPLE PATCHES.
[0/200][97/111]	en_real: -6731.3271	en_noise: -6407.6133	en_samp: -6503.8906	E_l: -227.4365	Recon_l: 1071773.0000	Recon_l_1: 0.0000	Recon_l_2: 0.0000	Recon_l_3: 0.0000	Recon_l_4: 0.0000	Recon_l_5: 0.0000	Recon_l_6: 0.0000	Dice: 0.0610	DiceProc: 0.0000	FID: 0.0000 

STORE EXAMPLE PATCHES.
[0/200][98/111]	en_real: -3915.0967	en_noise: -3579.9680	en_samp: -3660.8726	E_l: -254.2241	Recon_l: 1069767.1250	Recon_l_1: 0.0000	Recon_l_2: 0.0000	Recon_l_3: 0.0000	Recon_l_4: 0.0000	Recon_l_5: 0.0000	Recon_l_6: 0.0000	Dice: 0.0385	DiceProc: 0.0000	FID: 0.0000 

STORE EXAMPLE PATCHES.
[0/200][99/111]	en_real: -9087.9482	en_noise: -8889.4609	en_samp: -9087.9521	E_l: 0.0037	Recon_l: 1047469.4375	Recon_l_1: 0.0000	Recon_l_2: 0.0000	Recon_l_3: 0.0000	Recon_l_4: 0.0000	Recon_l_5: 0.0000	Recon_l_6: 0.0000	Dice: 0.0262	DiceProc: 0.0000	FID: 0.0000 

STORE EXAMPLE PATCHES.
[0/200][100/111]	en_real: -6299.8442	en_noise: -6109.2969	en_samp: -6258.2095	E_l: -41.6349	Recon_l: 1065602.2500	Recon_l_1: 0.0000	Recon_l_2: 0.0000	Recon_l_3: 0.0000	Recon_l_4: 0.0000	Recon_l_5: 0.0000	Recon_l_6: 0.0000	Dice: 0.0607	DiceProc: 0.0000	FID: 0.0000 

STORE EXAMPLE PATCHES.
[0/200][101/111]	en_real: -4177.2188	en_noise: -4097.0942	en_samp: -4177.2212	E_l: 0.0020	Recon_l: 1034692.0625	Recon_l_1: 0.0000	Recon_l_2: 0.0000	Recon_l_3: 0.0000	Recon_l_4: 0.0000	Recon_l_5: 0.0000	Recon_l_6: 0.0000	Dice: 0.0572	DiceProc: 0.0000	FID: 0.0000 

STORE EXAMPLE PATCHES.
[0/200][102/111]	en_real: -11551.7207	en_noise: -11205.4268	en_samp: -11551.7402	E_l: 0.0185	Recon_l: 1070219.2500	Recon_l_1: 0.0000	Recon_l_2: 0.0000	Recon_l_3: 0.0000	Recon_l_4: 0.0000	Recon_l_5: 0.0000	Recon_l_6: 0.0000	Dice: 0.0177	DiceProc: 0.0000	FID: 0.0000 

STORE EXAMPLE PATCHES.
[0/200][103/111]	en_real: -73771.9453	en_noise: -72306.3750	en_samp: -73756.9844	E_l: -14.9529	Recon_l: 1065291.3750	Recon_l_1: 0.0000	Recon_l_2: 0.0000	Recon_l_3: 0.0000	Recon_l_4: 0.0000	Recon_l_5: 0.0000	Recon_l_6: 0.0000	Dice: 0.0200	DiceProc: 0.0000	FID: 0.0000 

STORE EXAMPLE PATCHES.
[0/200][104/111]	en_real: -26848.6836	en_noise: -26189.7832	en_samp: -26848.6699	E_l: -0.0135	Recon_l: 1062088.3750	Recon_l_1: 0.0000	Recon_l_2: 0.0000	Recon_l_3: 0.0000	Recon_l_4: 0.0000	Recon_l_5: 0.0000	Recon_l_6: 0.0000	Dice: 0.0152	DiceProc: 0.0000	FID: 0.0000 

STORE EXAMPLE PATCHES.
[0/200][105/111]	en_real: -1229.4431	en_noise: -1197.6705	en_samp: -1229.4260	E_l: -0.0170	Recon_l: 1050942.2500	Recon_l_1: 0.0000	Recon_l_2: 0.0000	Recon_l_3: 0.0000	Recon_l_4: 0.0000	Recon_l_5: 0.0000	Recon_l_6: 0.0000	Dice: 0.0260	DiceProc: 0.0000	FID: 0.0000 

STORE EXAMPLE PATCHES.
[0/200][106/111]	en_real: -19436.8340	en_noise: -19132.4941	en_samp: -19436.8398	E_l: 0.0052	Recon_l: 1021035.5625	Recon_l_1: 0.0000	Recon_l_2: 0.0000	Recon_l_3: 0.0000	Recon_l_4: 0.0000	Recon_l_5: 0.0000	Recon_l_6: 0.0000	Dice: 0.0520	DiceProc: 0.0000	FID: 0.0000 

STORE EXAMPLE PATCHES.
[0/200][107/111]	en_real: -5372.3149	en_noise: -5229.4561	en_samp: -5372.2646	E_l: -0.0499	Recon_l: 1054246.8750	Recon_l_1: 0.0000	Recon_l_2: 0.0000	Recon_l_3: 0.0000	Recon_l_4: 0.0000	Recon_l_5: 0.0000	Recon_l_6: 0.0000	Dice: 0.0467	DiceProc: 0.0000	FID: 0.0000 

STORE EXAMPLE PATCHES.
[0/200][108/111]	en_real: -12784.9395	en_noise: -12638.8018	en_samp: -12784.9492	E_l: 0.0097	Recon_l: 1046047.9375	Recon_l_1: 0.0000	Recon_l_2: 0.0000	Recon_l_3: 0.0000	Recon_l_4: 0.0000	Recon_l_5: 0.0000	Recon_l_6: 0.0000	Dice: 0.0574	DiceProc: 0.0000	FID: 0.0000 

STORE EXAMPLE PATCHES.
[0/200][109/111]	en_real: -50622.4609	en_noise: -49392.4570	en_samp: -50622.4102	E_l: -0.0518	Recon_l: 1058910.5000	Recon_l_1: 0.0000	Recon_l_2: 0.0000	Recon_l_3: 0.0000	Recon_l_4: 0.0000	Recon_l_5: 0.0000	Recon_l_6: 0.0000	Dice: 0.0206	DiceProc: 0.0000	FID: 0.0000 

STORE EXAMPLE PATCHES.
[0/200][110/111]	en_real: -23523.4473	en_noise: -23054.4219	en_samp: -23523.4453	E_l: -0.0013	Recon_l: 1014469.6250	Recon_l_1: 0.0000	Recon_l_2: 0.0000	Recon_l_3: 0.0000	Recon_l_4: 0.0000	Recon_l_5: 0.0000	Recon_l_6: 0.0000	Dice: 0.0238	DiceProc: 0.0000	FID: 0.0000 

STORE EXAMPLE PATCHES.

train Epoch: 0 	  En real: -5908.5964 	  En noise: -5758.9879 	  En samp: -5880.9923 	  ELoss: -27.6040 	 ReconLoss: 1210908.2917 	 ReconLoss_1: 0.0000 	 ReconLoss_2: 0.0000 	 ReconLoss_3: 0.0000 	 ReconLoss_4: 0.0000 	 ReconLoss_5: 0.0000 	 ReconLoss_6: 0.0000 	 VaeDice: 0.0509 	 VaeDiceProc: 0.0 	 FID: 0.0000%


main_LSDEBM_Vert_01.py:162: UserWarning: torch.range is deprecated and will be removed in a future release because its behavior is inconsistent with Python's range builtin. Instead, use torch.arange, which produces values in [start, end).
  insert_mask = (torch.ones(hor+1)*t == torch.range(0, hor)).float().to(noise.device)
Traceback (most recent call last):
  File "main_LSDEBM_Vert_01.py", line 604, in <module>
    cov1  = z_inf.view(-1, args.num_latents).cov().cpu()
AttributeError: 'Tensor' object has no attribute 'cov'
