Pytorch Version: 1.9.0+cu111
Experiment: Train
Namespace(EBM_reg=0, batch_size=4, beta_end=0.01, beta_start=0.0001, cond_mcmc_step_size=0.01, cond_mcmc_steps_tr=300, cond_mcmc_steps_val=300, dec_dyn_lr=None, dec_lr=2e-05, diff_timesteps=30, ebm_dyn_lr=None, ebm_inner_dim=1000, ebm_lr=2e-05, ebm_num_layers=1, enc_dyn_lr=None, enc_lr=2e-05, ep_betw_val=2, epoch_start=0, experiment='Train', gen_var=0.3, load_from_ep=None, num_channels=16, num_epochs=200, num_latents=100, prior_bn=False, prior_var=1.0, recon_loss='bce', save_model=True, save_visu=True, test_perf=True, test_set='XXX_bodies_data_test', train_set='XXX_bodies_data_train', validation_set='XXX_bodies_data_validation')
Main path:  ./../Vert_data/LSD-EBM_Vert/
num_channel 16
num_latent 100
num_channel 16
num_latent 100
e_func num parameters:  1104001
enc_model num parameters:  26336276
dec_model num parameters:  26594865
Training set size:  446
Validation set size:  73
Test set size:  74
/itet-stor/yankwang/net_scratch/conda_envs/ve_py37_lsd_A100_20230202/lib/python3.7/site-packages/scipy/ndimage/interpolation.py:583: UserWarning: From scipy 0.13.0, the output shape of zoom() is calculated with round() instead of int() - for these inputs the size of the returned array has changed.
  "the returned array has changed.", UserWarning)
main_LSDEBM_Vert_01.py:37: DeprecationWarning: `np.int` is a deprecated alias for the builtin `int`. To silence this warning, use `int` by itself. Doing this will not modify any behavior and is safe. When replacing `np.int`, you may wish to use e.g. `np.int64` or `np.int32` to specify the precision. If you wish to review your current use, check the release note link for additional information.
Deprecated in NumPy 1.20; for more details and guidance: https://numpy.org/devdocs/release/1.20.0-notes.html#deprecations
  dice_score = dc(pred.astype(np.int),gt.astype(np.int))
[0/200][0/111]	en_real: -0.0601	en_noise: -0.0592	en_samp: -0.0602	E_l: 0.0002	Recon_l: 1495294.6250	Recon_l_1: 0.0000	Recon_l_2: 0.0000	Recon_l_3: 0.0000	Recon_l_4: 0.0000	Recon_l_5: 0.0000	Recon_l_6: 0.0000	Dice: 0.0642	DiceProc: 0.0000	FID: 0.0000 

STORE EXAMPLE PATCHES.
[0/200][1/111]	en_real: -0.1345	en_noise: -0.1313	en_samp: -0.1346	E_l: 0.0001	Recon_l: 1491109.6250	Recon_l_1: 0.0000	Recon_l_2: 0.0000	Recon_l_3: 0.0000	Recon_l_4: 0.0000	Recon_l_5: 0.0000	Recon_l_6: 0.0000	Dice: 0.0557	DiceProc: 0.0000	FID: 0.0000 

STORE EXAMPLE PATCHES.
[0/200][2/111]	en_real: -0.1302	en_noise: -0.1161	en_samp: -0.1166	E_l: -0.0136	Recon_l: 1483861.3750	Recon_l_1: 0.0000	Recon_l_2: 0.0000	Recon_l_3: 0.0000	Recon_l_4: 0.0000	Recon_l_5: 0.0000	Recon_l_6: 0.0000	Dice: 0.0832	DiceProc: 0.0000	FID: 0.0000 

STORE EXAMPLE PATCHES.
[0/200][3/111]	en_real: -0.1675	en_noise: -0.1662	en_samp: -0.1683	E_l: 0.0008	Recon_l: 1480879.1250	Recon_l_1: 0.0000	Recon_l_2: 0.0000	Recon_l_3: 0.0000	Recon_l_4: 0.0000	Recon_l_5: 0.0000	Recon_l_6: 0.0000	Dice: 0.0709	DiceProc: 0.0000	FID: 0.0000 

STORE EXAMPLE PATCHES.
[0/200][4/111]	en_real: 0.0059	en_noise: 0.0036	en_samp: 0.0039	E_l: 0.0020	Recon_l: 1476802.2500	Recon_l_1: 0.0000	Recon_l_2: 0.0000	Recon_l_3: 0.0000	Recon_l_4: 0.0000	Recon_l_5: 0.0000	Recon_l_6: 0.0000	Dice: 0.0780	DiceProc: 0.0000	FID: 0.0000 

STORE EXAMPLE PATCHES.
[0/200][5/111]	en_real: -0.2708	en_noise: -0.2698	en_samp: -0.2719	E_l: 0.0011	Recon_l: 1475117.5000	Recon_l_1: 0.0000	Recon_l_2: 0.0000	Recon_l_3: 0.0000	Recon_l_4: 0.0000	Recon_l_5: 0.0000	Recon_l_6: 0.0000	Dice: 0.0577	DiceProc: 0.0000	FID: 0.0000 

STORE EXAMPLE PATCHES.
[0/200][6/111]	en_real: -0.2769	en_noise: -0.1597	en_samp: -0.1619	E_l: -0.1150	Recon_l: 1470776.6250	Recon_l_1: 0.0000	Recon_l_2: 0.0000	Recon_l_3: 0.0000	Recon_l_4: 0.0000	Recon_l_5: 0.0000	Recon_l_6: 0.0000	Dice: 0.0574	DiceProc: 0.0000	FID: 0.0000 

STORE EXAMPLE PATCHES.
[0/200][7/111]	en_real: -0.0603	en_noise: -0.0585	en_samp: -0.0597	E_l: -0.0006	Recon_l: 1465166.2500	Recon_l_1: 0.0000	Recon_l_2: 0.0000	Recon_l_3: 0.0000	Recon_l_4: 0.0000	Recon_l_5: 0.0000	Recon_l_6: 0.0000	Dice: 0.0719	DiceProc: 0.0000	FID: 0.0000 

STORE EXAMPLE PATCHES.
[0/200][8/111]	en_real: -0.0644	en_noise: -0.0661	en_samp: -0.0645	E_l: 0.0002	Recon_l: 1461189.5000	Recon_l_1: 0.0000	Recon_l_2: 0.0000	Recon_l_3: 0.0000	Recon_l_4: 0.0000	Recon_l_5: 0.0000	Recon_l_6: 0.0000	Dice: 0.0681	DiceProc: 0.0000	FID: 0.0000 

STORE EXAMPLE PATCHES.
[0/200][9/111]	en_real: -0.2370	en_noise: -0.1765	en_samp: -0.1786	E_l: -0.0584	Recon_l: 1457825.3750	Recon_l_1: 0.0000	Recon_l_2: 0.0000	Recon_l_3: 0.0000	Recon_l_4: 0.0000	Recon_l_5: 0.0000	Recon_l_6: 0.0000	Dice: 0.0656	DiceProc: 0.0000	FID: 0.0000 

STORE EXAMPLE PATCHES.
[0/200][10/111]	en_real: -0.2580	en_noise: -0.2545	en_samp: -0.2601	E_l: 0.0021	Recon_l: 1454483.3750	Recon_l_1: 0.0000	Recon_l_2: 0.0000	Recon_l_3: 0.0000	Recon_l_4: 0.0000	Recon_l_5: 0.0000	Recon_l_6: 0.0000	Dice: 0.0681	DiceProc: 0.0000	FID: 0.0000 

STORE EXAMPLE PATCHES.
[0/200][11/111]	en_real: -0.3923	en_noise: -0.3030	en_samp: -0.3154	E_l: -0.0768	Recon_l: 1448585.2500	Recon_l_1: 0.0000	Recon_l_2: 0.0000	Recon_l_3: 0.0000	Recon_l_4: 0.0000	Recon_l_5: 0.0000	Recon_l_6: 0.0000	Dice: 0.0808	DiceProc: 0.0000	FID: 0.0000 

STORE EXAMPLE PATCHES.
[0/200][12/111]	en_real: -0.3948	en_noise: -0.3879	en_samp: -0.3972	E_l: 0.0024	Recon_l: 1444396.7500	Recon_l_1: 0.0000	Recon_l_2: 0.0000	Recon_l_3: 0.0000	Recon_l_4: 0.0000	Recon_l_5: 0.0000	Recon_l_6: 0.0000	Dice: 0.0635	DiceProc: 0.0000	FID: 0.0000 

STORE EXAMPLE PATCHES.
[0/200][13/111]	en_real: -0.4344	en_noise: -0.4316	en_samp: -0.4360	E_l: 0.0016	Recon_l: 1441341.0000	Recon_l_1: 0.0000	Recon_l_2: 0.0000	Recon_l_3: 0.0000	Recon_l_4: 0.0000	Recon_l_5: 0.0000	Recon_l_6: 0.0000	Dice: 0.0671	DiceProc: 0.0000	FID: 0.0000 

STORE EXAMPLE PATCHES.
[0/200][14/111]	en_real: -0.6512	en_noise: -0.6394	en_samp: -0.6512	E_l: -0.0000	Recon_l: 1435849.2500	Recon_l_1: 0.0000	Recon_l_2: 0.0000	Recon_l_3: 0.0000	Recon_l_4: 0.0000	Recon_l_5: 0.0000	Recon_l_6: 0.0000	Dice: 0.0700	DiceProc: 0.0000	FID: 0.0000 

STORE EXAMPLE PATCHES.
[0/200][15/111]	en_real: -0.7378	en_noise: -0.7311	en_samp: -0.7390	E_l: 0.0011	Recon_l: 1429575.1250	Recon_l_1: 0.0000	Recon_l_2: 0.0000	Recon_l_3: 0.0000	Recon_l_4: 0.0000	Recon_l_5: 0.0000	Recon_l_6: 0.0000	Dice: 0.0932	DiceProc: 0.0000	FID: 0.0000 

STORE EXAMPLE PATCHES.
[0/200][16/111]	en_real: -0.6212	en_noise: -0.4287	en_samp: -0.4302	E_l: -0.1910	Recon_l: 1427211.3750	Recon_l_1: 0.0000	Recon_l_2: 0.0000	Recon_l_3: 0.0000	Recon_l_4: 0.0000	Recon_l_5: 0.0000	Recon_l_6: 0.0000	Dice: 0.0666	DiceProc: 0.0000	FID: 0.0000 

STORE EXAMPLE PATCHES.
[0/200][17/111]	en_real: -0.8692	en_noise: -0.8575	en_samp: -0.8699	E_l: 0.0007	Recon_l: 1422233.5000	Recon_l_1: 0.0000	Recon_l_2: 0.0000	Recon_l_3: 0.0000	Recon_l_4: 0.0000	Recon_l_5: 0.0000	Recon_l_6: 0.0000	Dice: 0.0780	DiceProc: 0.0000	FID: 0.0000 

STORE EXAMPLE PATCHES.
[0/200][18/111]	en_real: -0.8981	en_noise: -0.8873	en_samp: -0.8980	E_l: -0.0001	Recon_l: 1417311.6250	Recon_l_1: 0.0000	Recon_l_2: 0.0000	Recon_l_3: 0.0000	Recon_l_4: 0.0000	Recon_l_5: 0.0000	Recon_l_6: 0.0000	Dice: 0.0835	DiceProc: 0.0000	FID: 0.0000 

STORE EXAMPLE PATCHES.
[0/200][19/111]	en_real: -1.2972	en_noise: -1.2758	en_samp: -1.2959	E_l: -0.0013	Recon_l: 1412443.0000	Recon_l_1: 0.0000	Recon_l_2: 0.0000	Recon_l_3: 0.0000	Recon_l_4: 0.0000	Recon_l_5: 0.0000	Recon_l_6: 0.0000	Dice: 0.0933	DiceProc: 0.0000	FID: 0.0000 

STORE EXAMPLE PATCHES.
[0/200][20/111]	en_real: -1.3432	en_noise: -1.3208	en_samp: -1.3455	E_l: 0.0023	Recon_l: 1408149.7500	Recon_l_1: 0.0000	Recon_l_2: 0.0000	Recon_l_3: 0.0000	Recon_l_4: 0.0000	Recon_l_5: 0.0000	Recon_l_6: 0.0000	Dice: 0.0938	DiceProc: 0.0000	FID: 0.0000 

STORE EXAMPLE PATCHES.
[0/200][21/111]	en_real: -1.4972	en_noise: -1.4848	en_samp: -1.4980	E_l: 0.0008	Recon_l: 1403068.0000	Recon_l_1: 0.0000	Recon_l_2: 0.0000	Recon_l_3: 0.0000	Recon_l_4: 0.0000	Recon_l_5: 0.0000	Recon_l_6: 0.0000	Dice: 0.0976	DiceProc: 0.0000	FID: 0.0000 

STORE EXAMPLE PATCHES.
[0/200][22/111]	en_real: -1.5581	en_noise: -1.1033	en_samp: -1.1120	E_l: -0.4460	Recon_l: 1397983.5000	Recon_l_1: 0.0000	Recon_l_2: 0.0000	Recon_l_3: 0.0000	Recon_l_4: 0.0000	Recon_l_5: 0.0000	Recon_l_6: 0.0000	Dice: 0.0993	DiceProc: 0.0000	FID: 0.0000 

STORE EXAMPLE PATCHES.
[0/200][23/111]	en_real: -1.8198	en_noise: -1.7819	en_samp: -1.8215	E_l: 0.0017	Recon_l: 1393199.3750	Recon_l_1: 0.0000	Recon_l_2: 0.0000	Recon_l_3: 0.0000	Recon_l_4: 0.0000	Recon_l_5: 0.0000	Recon_l_6: 0.0000	Dice: 0.0965	DiceProc: 0.0000	FID: 0.0000 

STORE EXAMPLE PATCHES.
[0/200][24/111]	en_real: -1.9895	en_noise: -1.9534	en_samp: -1.9904	E_l: 0.0009	Recon_l: 1389664.6250	Recon_l_1: 0.0000	Recon_l_2: 0.0000	Recon_l_3: 0.0000	Recon_l_4: 0.0000	Recon_l_5: 0.0000	Recon_l_6: 0.0000	Dice: 0.0957	DiceProc: 0.0000	FID: 0.0000 

STORE EXAMPLE PATCHES.
[0/200][25/111]	en_real: -2.2128	en_noise: -2.1744	en_samp: -2.2111	E_l: -0.0016	Recon_l: 1382239.0000	Recon_l_1: 0.0000	Recon_l_2: 0.0000	Recon_l_3: 0.0000	Recon_l_4: 0.0000	Recon_l_5: 0.0000	Recon_l_6: 0.0000	Dice: 0.1085	DiceProc: 0.0000	FID: 0.0000 

STORE EXAMPLE PATCHES.
[0/200][26/111]	en_real: -2.2815	en_noise: -2.2396	en_samp: -2.2822	E_l: 0.0007	Recon_l: 1377738.1250	Recon_l_1: 0.0000	Recon_l_2: 0.0000	Recon_l_3: 0.0000	Recon_l_4: 0.0000	Recon_l_5: 0.0000	Recon_l_6: 0.0000	Dice: 0.1090	DiceProc: 0.0000	FID: 0.0000 

STORE EXAMPLE PATCHES.
[0/200][27/111]	en_real: -2.2851	en_noise: -2.2404	en_samp: -2.2847	E_l: -0.0004	Recon_l: 1373617.0000	Recon_l_1: 0.0000	Recon_l_2: 0.0000	Recon_l_3: 0.0000	Recon_l_4: 0.0000	Recon_l_5: 0.0000	Recon_l_6: 0.0000	Dice: 0.1035	DiceProc: 0.0000	FID: 0.0000 

STORE EXAMPLE PATCHES.
[0/200][28/111]	en_real: -2.5833	en_noise: -2.5439	en_samp: -2.5817	E_l: -0.0017	Recon_l: 1369658.6250	Recon_l_1: 0.0000	Recon_l_2: 0.0000	Recon_l_3: 0.0000	Recon_l_4: 0.0000	Recon_l_5: 0.0000	Recon_l_6: 0.0000	Dice: 0.1081	DiceProc: 0.0000	FID: 0.0000 

STORE EXAMPLE PATCHES.
[0/200][29/111]	en_real: -2.5842	en_noise: -2.5521	en_samp: -2.5860	E_l: 0.0018	Recon_l: 1364833.2500	Recon_l_1: 0.0000	Recon_l_2: 0.0000	Recon_l_3: 0.0000	Recon_l_4: 0.0000	Recon_l_5: 0.0000	Recon_l_6: 0.0000	Dice: 0.1057	DiceProc: 0.0000	FID: 0.0000 

STORE EXAMPLE PATCHES.
[0/200][30/111]	en_real: -2.5986	en_noise: -2.5403	en_samp: -2.6006	E_l: 0.0019	Recon_l: 1357528.2500	Recon_l_1: 0.0000	Recon_l_2: 0.0000	Recon_l_3: 0.0000	Recon_l_4: 0.0000	Recon_l_5: 0.0000	Recon_l_6: 0.0000	Dice: 0.1256	DiceProc: 0.0000	FID: 0.0000 

STORE EXAMPLE PATCHES.
[0/200][31/111]	en_real: -2.7810	en_noise: -2.7201	en_samp: -2.7793	E_l: -0.0017	Recon_l: 1348663.2500	Recon_l_1: 0.0000	Recon_l_2: 0.0000	Recon_l_3: 0.0000	Recon_l_4: 0.0000	Recon_l_5: 0.0000	Recon_l_6: 0.0000	Dice: 0.1409	DiceProc: 0.0000	FID: 0.0000 

STORE EXAMPLE PATCHES.
[0/200][32/111]	en_real: -3.1949	en_noise: -3.1576	en_samp: -3.1941	E_l: -0.0008	Recon_l: 1346826.8750	Recon_l_1: 0.0000	Recon_l_2: 0.0000	Recon_l_3: 0.0000	Recon_l_4: 0.0000	Recon_l_5: 0.0000	Recon_l_6: 0.0000	Dice: 0.1291	DiceProc: 0.0000	FID: 0.0000 

STORE EXAMPLE PATCHES.
[0/200][33/111]	en_real: -3.1837	en_noise: -3.1247	en_samp: -3.1847	E_l: 0.0010	Recon_l: 1341297.8750	Recon_l_1: 0.0000	Recon_l_2: 0.0000	Recon_l_3: 0.0000	Recon_l_4: 0.0000	Recon_l_5: 0.0000	Recon_l_6: 0.0000	Dice: 0.1443	DiceProc: 0.0000	FID: 0.0000 

STORE EXAMPLE PATCHES.
[0/200][34/111]	en_real: -3.3644	en_noise: -3.2932	en_samp: -3.3641	E_l: -0.0003	Recon_l: 1330069.3750	Recon_l_1: 0.0000	Recon_l_2: 0.0000	Recon_l_3: 0.0000	Recon_l_4: 0.0000	Recon_l_5: 0.0000	Recon_l_6: 0.0000	Dice: 0.1531	DiceProc: 0.0000	FID: 0.0000 

STORE EXAMPLE PATCHES.
[0/200][35/111]	en_real: -3.6511	en_noise: -3.6049	en_samp: -3.6511	E_l: -0.0000	Recon_l: 1332812.7500	Recon_l_1: 0.0000	Recon_l_2: 0.0000	Recon_l_3: 0.0000	Recon_l_4: 0.0000	Recon_l_5: 0.0000	Recon_l_6: 0.0000	Dice: 0.1371	DiceProc: 0.0000	FID: 0.0000 

STORE EXAMPLE PATCHES.
[0/200][36/111]	en_real: -3.1981	en_noise: -3.1235	en_samp: -3.1987	E_l: 0.0006	Recon_l: 1333635.2500	Recon_l_1: 0.0000	Recon_l_2: 0.0000	Recon_l_3: 0.0000	Recon_l_4: 0.0000	Recon_l_5: 0.0000	Recon_l_6: 0.0000	Dice: 0.1120	DiceProc: 0.0000	FID: 0.0000 

STORE EXAMPLE PATCHES.
[0/200][37/111]	en_real: -3.3804	en_noise: -3.3144	en_samp: -3.3821	E_l: 0.0016	Recon_l: 1317190.2500	Recon_l_1: 0.0000	Recon_l_2: 0.0000	Recon_l_3: 0.0000	Recon_l_4: 0.0000	Recon_l_5: 0.0000	Recon_l_6: 0.0000	Dice: 0.1606	DiceProc: 0.0000	FID: 0.0000 

STORE EXAMPLE PATCHES.
[0/200][38/111]	en_real: -3.6308	en_noise: -3.5695	en_samp: -3.6300	E_l: -0.0008	Recon_l: 1309914.0000	Recon_l_1: 0.0000	Recon_l_2: 0.0000	Recon_l_3: 0.0000	Recon_l_4: 0.0000	Recon_l_5: 0.0000	Recon_l_6: 0.0000	Dice: 0.1753	DiceProc: 0.0000	FID: 0.0000 

STORE EXAMPLE PATCHES.
[0/200][39/111]	en_real: -3.6229	en_noise: -3.5624	en_samp: -3.6224	E_l: -0.0005	Recon_l: 1309414.8750	Recon_l_1: 0.0000	Recon_l_2: 0.0000	Recon_l_3: 0.0000	Recon_l_4: 0.0000	Recon_l_5: 0.0000	Recon_l_6: 0.0000	Dice: 0.1507	DiceProc: 0.0000	FID: 0.0000 

STORE EXAMPLE PATCHES.
[0/200][40/111]	en_real: -3.0911	en_noise: -2.2696	en_samp: -2.3185	E_l: -0.7725	Recon_l: 1303595.7500	Recon_l_1: 0.0000	Recon_l_2: 0.0000	Recon_l_3: 0.0000	Recon_l_4: 0.0000	Recon_l_5: 0.0000	Recon_l_6: 0.0000	Dice: 0.1653	DiceProc: 0.0000	FID: 0.0000 

STORE EXAMPLE PATCHES.
[0/200][41/111]	en_real: -3.3299	en_noise: -3.2398	en_samp: -3.3300	E_l: 0.0001	Recon_l: 1301387.1250	Recon_l_1: 0.0000	Recon_l_2: 0.0000	Recon_l_3: 0.0000	Recon_l_4: 0.0000	Recon_l_5: 0.0000	Recon_l_6: 0.0000	Dice: 0.1581	DiceProc: 0.0000	FID: 0.0000 

STORE EXAMPLE PATCHES.
[0/200][42/111]	en_real: -3.7739	en_noise: -2.9101	en_samp: -2.9501	E_l: -0.8237	Recon_l: 1293114.2500	Recon_l_1: 0.0000	Recon_l_2: 0.0000	Recon_l_3: 0.0000	Recon_l_4: 0.0000	Recon_l_5: 0.0000	Recon_l_6: 0.0000	Dice: 0.1940	DiceProc: 0.0000	FID: 0.0000 

STORE EXAMPLE PATCHES.
[0/200][43/111]	en_real: -4.3475	en_noise: -4.3010	en_samp: -4.3490	E_l: 0.0015	Recon_l: 1290409.8750	Recon_l_1: 0.0000	Recon_l_2: 0.0000	Recon_l_3: 0.0000	Recon_l_4: 0.0000	Recon_l_5: 0.0000	Recon_l_6: 0.0000	Dice: 0.1581	DiceProc: 0.0000	FID: 0.0000 

STORE EXAMPLE PATCHES.
[0/200][44/111]	en_real: -4.2096	en_noise: -4.1286	en_samp: -4.2100	E_l: 0.0004	Recon_l: 1282784.7500	Recon_l_1: 0.0000	Recon_l_2: 0.0000	Recon_l_3: 0.0000	Recon_l_4: 0.0000	Recon_l_5: 0.0000	Recon_l_6: 0.0000	Dice: 0.1901	DiceProc: 0.0000	FID: 0.0000 

STORE EXAMPLE PATCHES.
[0/200][45/111]	en_real: -4.8559	en_noise: -4.7879	en_samp: -4.8553	E_l: -0.0006	Recon_l: 1277556.6250	Recon_l_1: 0.0000	Recon_l_2: 0.0000	Recon_l_3: 0.0000	Recon_l_4: 0.0000	Recon_l_5: 0.0000	Recon_l_6: 0.0000	Dice: 0.1972	DiceProc: 0.0000	FID: 0.0000 

STORE EXAMPLE PATCHES.
[0/200][46/111]	en_real: -4.4352	en_noise: -4.3257	en_samp: -4.4366	E_l: 0.0014	Recon_l: 1265788.5000	Recon_l_1: 0.0000	Recon_l_2: 0.0000	Recon_l_3: 0.0000	Recon_l_4: 0.0000	Recon_l_5: 0.0000	Recon_l_6: 0.0000	Dice: 0.2441	DiceProc: 0.0000	FID: 0.0000 

STORE EXAMPLE PATCHES.
[0/200][47/111]	en_real: -4.7275	en_noise: -4.6295	en_samp: -4.7281	E_l: 0.0006	Recon_l: 1275790.6250	Recon_l_1: 0.0000	Recon_l_2: 0.0000	Recon_l_3: 0.0000	Recon_l_4: 0.0000	Recon_l_5: 0.0000	Recon_l_6: 0.0000	Dice: 0.1702	DiceProc: 0.0000	FID: 0.0000 

STORE EXAMPLE PATCHES.
[0/200][48/111]	en_real: -5.2317	en_noise: -5.1415	en_samp: -5.2335	E_l: 0.0018	Recon_l: 1263757.8750	Recon_l_1: 0.0000	Recon_l_2: 0.0000	Recon_l_3: 0.0000	Recon_l_4: 0.0000	Recon_l_5: 0.0000	Recon_l_6: 0.0000	Dice: 0.2275	DiceProc: 0.0000	FID: 0.0000 

STORE EXAMPLE PATCHES.
[0/200][49/111]	en_real: -5.4066	en_noise: -5.3148	en_samp: -5.4093	E_l: 0.0026	Recon_l: 1258803.0000	Recon_l_1: 0.0000	Recon_l_2: 0.0000	Recon_l_3: 0.0000	Recon_l_4: 0.0000	Recon_l_5: 0.0000	Recon_l_6: 0.0000	Dice: 0.2296	DiceProc: 0.0000	FID: 0.0000 

STORE EXAMPLE PATCHES.
[0/200][50/111]	en_real: -5.6847	en_noise: -5.5945	en_samp: -5.6855	E_l: 0.0008	Recon_l: 1248705.2500	Recon_l_1: 0.0000	Recon_l_2: 0.0000	Recon_l_3: 0.0000	Recon_l_4: 0.0000	Recon_l_5: 0.0000	Recon_l_6: 0.0000	Dice: 0.2532	DiceProc: 0.0000	FID: 0.0000 

STORE EXAMPLE PATCHES.
[0/200][51/111]	en_real: -6.0987	en_noise: -6.0268	en_samp: -6.0978	E_l: -0.0009	Recon_l: 1246563.2500	Recon_l_1: 0.0000	Recon_l_2: 0.0000	Recon_l_3: 0.0000	Recon_l_4: 0.0000	Recon_l_5: 0.0000	Recon_l_6: 0.0000	Dice: 0.2649	DiceProc: 0.0000	FID: 0.0000 

STORE EXAMPLE PATCHES.
[0/200][52/111]	en_real: -6.1079	en_noise: -6.0367	en_samp: -6.1082	E_l: 0.0003	Recon_l: 1244508.0000	Recon_l_1: 0.0000	Recon_l_2: 0.0000	Recon_l_3: 0.0000	Recon_l_4: 0.0000	Recon_l_5: 0.0000	Recon_l_6: 0.0000	Dice: 0.2326	DiceProc: 0.0000	FID: 0.0000 

STORE EXAMPLE PATCHES.
[0/200][53/111]	en_real: -6.0986	en_noise: -6.0118	en_samp: -6.0992	E_l: 0.0006	Recon_l: 1234399.3750	Recon_l_1: 0.0000	Recon_l_2: 0.0000	Recon_l_3: 0.0000	Recon_l_4: 0.0000	Recon_l_5: 0.0000	Recon_l_6: 0.0000	Dice: 0.2501	DiceProc: 0.0000	FID: 0.0000 

STORE EXAMPLE PATCHES.
[0/200][54/111]	en_real: -5.1325	en_noise: -2.8608	en_samp: -2.8126	E_l: -2.3199	Recon_l: 1239973.2500	Recon_l_1: 0.0000	Recon_l_2: 0.0000	Recon_l_3: 0.0000	Recon_l_4: 0.0000	Recon_l_5: 0.0000	Recon_l_6: 0.0000	Dice: 0.2257	DiceProc: 0.0000	FID: 0.0000 

STORE EXAMPLE PATCHES.
[0/200][55/111]	en_real: -6.4783	en_noise: -6.3816	en_samp: -6.4792	E_l: 0.0009	Recon_l: 1225988.0000	Recon_l_1: 0.0000	Recon_l_2: 0.0000	Recon_l_3: 0.0000	Recon_l_4: 0.0000	Recon_l_5: 0.0000	Recon_l_6: 0.0000	Dice: 0.2776	DiceProc: 0.0000	FID: 0.0000 

STORE EXAMPLE PATCHES.
[0/200][56/111]	en_real: -6.9743	en_noise: -6.8657	en_samp: -6.9744	E_l: 0.0000	Recon_l: 1225691.1250	Recon_l_1: 0.0000	Recon_l_2: 0.0000	Recon_l_3: 0.0000	Recon_l_4: 0.0000	Recon_l_5: 0.0000	Recon_l_6: 0.0000	Dice: 0.2506	DiceProc: 0.0000	FID: 0.0000 

STORE EXAMPLE PATCHES.
[0/200][57/111]	en_real: -6.9348	en_noise: -6.8064	en_samp: -6.9329	E_l: -0.0019	Recon_l: 1220677.7500	Recon_l_1: 0.0000	Recon_l_2: 0.0000	Recon_l_3: 0.0000	Recon_l_4: 0.0000	Recon_l_5: 0.0000	Recon_l_6: 0.0000	Dice: 0.2683	DiceProc: 0.0000	FID: 0.0000 

STORE EXAMPLE PATCHES.
[0/200][58/111]	en_real: -7.5875	en_noise: -7.5068	en_samp: -7.5900	E_l: 0.0025	Recon_l: 1217243.0000	Recon_l_1: 0.0000	Recon_l_2: 0.0000	Recon_l_3: 0.0000	Recon_l_4: 0.0000	Recon_l_5: 0.0000	Recon_l_6: 0.0000	Dice: 0.2654	DiceProc: 0.0000	FID: 0.0000 

STORE EXAMPLE PATCHES.
[0/200][59/111]	en_real: -7.5743	en_noise: -7.4371	en_samp: -7.5741	E_l: -0.0002	Recon_l: 1210860.2500	Recon_l_1: 0.0000	Recon_l_2: 0.0000	Recon_l_3: 0.0000	Recon_l_4: 0.0000	Recon_l_5: 0.0000	Recon_l_6: 0.0000	Dice: 0.3027	DiceProc: 0.0000	FID: 0.0000 

STORE EXAMPLE PATCHES.
[0/200][60/111]	en_real: -6.9906	en_noise: -6.8093	en_samp: -6.9890	E_l: -0.0016	Recon_l: 1208150.6250	Recon_l_1: 0.0000	Recon_l_2: 0.0000	Recon_l_3: 0.0000	Recon_l_4: 0.0000	Recon_l_5: 0.0000	Recon_l_6: 0.0000	Dice: 0.2959	DiceProc: 0.0000	FID: 0.0000 

STORE EXAMPLE PATCHES.
[0/200][61/111]	en_real: -8.0681	en_noise: -7.9417	en_samp: -8.0666	E_l: -0.0014	Recon_l: 1198247.6250	Recon_l_1: 0.0000	Recon_l_2: 0.0000	Recon_l_3: 0.0000	Recon_l_4: 0.0000	Recon_l_5: 0.0000	Recon_l_6: 0.0000	Dice: 0.3237	DiceProc: 0.0000	FID: 0.0000 

STORE EXAMPLE PATCHES.
[0/200][62/111]	en_real: -7.5854	en_noise: -7.4065	en_samp: -7.5863	E_l: 0.0009	Recon_l: 1198284.3750	Recon_l_1: 0.0000	Recon_l_2: 0.0000	Recon_l_3: 0.0000	Recon_l_4: 0.0000	Recon_l_5: 0.0000	Recon_l_6: 0.0000	Dice: 0.2647	DiceProc: 0.0000	FID: 0.0000 

STORE EXAMPLE PATCHES.
[0/200][63/111]	en_real: -8.5060	en_noise: -6.9100	en_samp: -6.9515	E_l: -1.5545	Recon_l: 1184190.8750	Recon_l_1: 0.0000	Recon_l_2: 0.0000	Recon_l_3: 0.0000	Recon_l_4: 0.0000	Recon_l_5: 0.0000	Recon_l_6: 0.0000	Dice: 0.3356	DiceProc: 0.0000	FID: 0.0000 

STORE EXAMPLE PATCHES.
[0/200][64/111]	en_real: -8.8678	en_noise: -8.7378	en_samp: -8.8706	E_l: 0.0027	Recon_l: 1191259.3750	Recon_l_1: 0.0000	Recon_l_2: 0.0000	Recon_l_3: 0.0000	Recon_l_4: 0.0000	Recon_l_5: 0.0000	Recon_l_6: 0.0000	Dice: 0.2999	DiceProc: 0.0000	FID: 0.0000 

STORE EXAMPLE PATCHES.
[0/200][65/111]	en_real: -9.3304	en_noise: -9.1965	en_samp: -9.3302	E_l: -0.0002	Recon_l: 1175868.5000	Recon_l_1: 0.0000	Recon_l_2: 0.0000	Recon_l_3: 0.0000	Recon_l_4: 0.0000	Recon_l_5: 0.0000	Recon_l_6: 0.0000	Dice: 0.3632	DiceProc: 0.0000	FID: 0.0000 

STORE EXAMPLE PATCHES.
[0/200][66/111]	en_real: -7.7867	en_noise: -6.0898	en_samp: -6.1784	E_l: -1.6084	Recon_l: 1175766.5000	Recon_l_1: 0.0000	Recon_l_2: 0.0000	Recon_l_3: 0.0000	Recon_l_4: 0.0000	Recon_l_5: 0.0000	Recon_l_6: 0.0000	Dice: 0.3376	DiceProc: 0.0000	FID: 0.0000 

STORE EXAMPLE PATCHES.
[0/200][67/111]	en_real: -9.0051	en_noise: -8.8474	en_samp: -9.0049	E_l: -0.0003	Recon_l: 1169721.6250	Recon_l_1: 0.0000	Recon_l_2: 0.0000	Recon_l_3: 0.0000	Recon_l_4: 0.0000	Recon_l_5: 0.0000	Recon_l_6: 0.0000	Dice: 0.3592	DiceProc: 0.0000	FID: 0.0000 

STORE EXAMPLE PATCHES.
[0/200][68/111]	en_real: -8.7340	en_noise: -8.5275	en_samp: -8.7331	E_l: -0.0009	Recon_l: 1172573.3750	Recon_l_1: 0.0000	Recon_l_2: 0.0000	Recon_l_3: 0.0000	Recon_l_4: 0.0000	Recon_l_5: 0.0000	Recon_l_6: 0.0000	Dice: 0.3198	DiceProc: 0.0000	FID: 0.0000 

STORE EXAMPLE PATCHES.
[0/200][69/111]	en_real: -10.7132	en_noise: -10.5407	en_samp: -10.7135	E_l: 0.0003	Recon_l: 1163939.1250	Recon_l_1: 0.0000	Recon_l_2: 0.0000	Recon_l_3: 0.0000	Recon_l_4: 0.0000	Recon_l_5: 0.0000	Recon_l_6: 0.0000	Dice: 0.3531	DiceProc: 0.0000	FID: 0.0000 

STORE EXAMPLE PATCHES.
[0/200][70/111]	en_real: -9.3642	en_noise: -7.3613	en_samp: -7.4203	E_l: -1.9439	Recon_l: 1167168.5000	Recon_l_1: 0.0000	Recon_l_2: 0.0000	Recon_l_3: 0.0000	Recon_l_4: 0.0000	Recon_l_5: 0.0000	Recon_l_6: 0.0000	Dice: 0.3490	DiceProc: 0.0000	FID: 0.0000 

STORE EXAMPLE PATCHES.
[0/200][71/111]	en_real: -9.8072	en_noise: -9.5595	en_samp: -9.8059	E_l: -0.0014	Recon_l: 1154373.6250	Recon_l_1: 0.0000	Recon_l_2: 0.0000	Recon_l_3: 0.0000	Recon_l_4: 0.0000	Recon_l_5: 0.0000	Recon_l_6: 0.0000	Dice: 0.3837	DiceProc: 0.0000	FID: 0.0000 

STORE EXAMPLE PATCHES.
[0/200][72/111]	en_real: -11.4657	en_noise: -11.3078	en_samp: -11.4676	E_l: 0.0020	Recon_l: 1155360.2500	Recon_l_1: 0.0000	Recon_l_2: 0.0000	Recon_l_3: 0.0000	Recon_l_4: 0.0000	Recon_l_5: 0.0000	Recon_l_6: 0.0000	Dice: 0.3588	DiceProc: 0.0000	FID: 0.0000 

STORE EXAMPLE PATCHES.
[0/200][73/111]	en_real: -11.3091	en_noise: -11.1236	en_samp: -11.3115	E_l: 0.0024	Recon_l: 1143122.5000	Recon_l_1: 0.0000	Recon_l_2: 0.0000	Recon_l_3: 0.0000	Recon_l_4: 0.0000	Recon_l_5: 0.0000	Recon_l_6: 0.0000	Dice: 0.3706	DiceProc: 0.0000	FID: 0.0000 

STORE EXAMPLE PATCHES.
[0/200][74/111]	en_real: -11.5299	en_noise: -11.3231	en_samp: -11.5285	E_l: -0.0015	Recon_l: 1142046.0000	Recon_l_1: 0.0000	Recon_l_2: 0.0000	Recon_l_3: 0.0000	Recon_l_4: 0.0000	Recon_l_5: 0.0000	Recon_l_6: 0.0000	Dice: 0.3979	DiceProc: 0.0000	FID: 0.0000 

STORE EXAMPLE PATCHES.
[0/200][75/111]	en_real: -11.0604	en_noise: -10.8220	en_samp: -11.0642	E_l: 0.0038	Recon_l: 1141349.1250	Recon_l_1: 0.0000	Recon_l_2: 0.0000	Recon_l_3: 0.0000	Recon_l_4: 0.0000	Recon_l_5: 0.0000	Recon_l_6: 0.0000	Dice: 0.3918	DiceProc: 0.0000	FID: 0.0000 

STORE EXAMPLE PATCHES.
[0/200][76/111]	en_real: -13.4344	en_noise: -13.3120	en_samp: -13.4338	E_l: -0.0005	Recon_l: 1140981.3750	Recon_l_1: 0.0000	Recon_l_2: 0.0000	Recon_l_3: 0.0000	Recon_l_4: 0.0000	Recon_l_5: 0.0000	Recon_l_6: 0.0000	Dice: 0.3501	DiceProc: 0.0000	FID: 0.0000 

STORE EXAMPLE PATCHES.
[0/200][77/111]	en_real: -14.2764	en_noise: -14.2204	en_samp: -14.2763	E_l: -0.0000	Recon_l: 1125597.5000	Recon_l_1: 0.0000	Recon_l_2: 0.0000	Recon_l_3: 0.0000	Recon_l_4: 0.0000	Recon_l_5: 0.0000	Recon_l_6: 0.0000	Dice: 0.4325	DiceProc: 0.0000	FID: 0.0000 

STORE EXAMPLE PATCHES.
[0/200][78/111]	en_real: -13.0987	en_noise: -12.9503	en_samp: -13.1002	E_l: 0.0016	Recon_l: 1127126.3750	Recon_l_1: 0.0000	Recon_l_2: 0.0000	Recon_l_3: 0.0000	Recon_l_4: 0.0000	Recon_l_5: 0.0000	Recon_l_6: 0.0000	Dice: 0.4055	DiceProc: 0.0000	FID: 0.0000 

STORE EXAMPLE PATCHES.
[0/200][79/111]	en_real: -12.9017	en_noise: -10.5277	en_samp: -10.5689	E_l: -2.3328	Recon_l: 1117384.2500	Recon_l_1: 0.0000	Recon_l_2: 0.0000	Recon_l_3: 0.0000	Recon_l_4: 0.0000	Recon_l_5: 0.0000	Recon_l_6: 0.0000	Dice: 0.4647	DiceProc: 0.0000	FID: 0.0000 

STORE EXAMPLE PATCHES.
[0/200][80/111]	en_real: -10.8556	en_noise: -10.5598	en_samp: -10.8540	E_l: -0.0016	Recon_l: 1126282.8750	Recon_l_1: 0.0000	Recon_l_2: 0.0000	Recon_l_3: 0.0000	Recon_l_4: 0.0000	Recon_l_5: 0.0000	Recon_l_6: 0.0000	Dice: 0.4114	DiceProc: 0.0000	FID: 0.0000 

STORE EXAMPLE PATCHES.
[0/200][81/111]	en_real: -14.9063	en_noise: -14.7967	en_samp: -14.9072	E_l: 0.0009	Recon_l: 1117312.8750	Recon_l_1: 0.0000	Recon_l_2: 0.0000	Recon_l_3: 0.0000	Recon_l_4: 0.0000	Recon_l_5: 0.0000	Recon_l_6: 0.0000	Dice: 0.4233	DiceProc: 0.0000	FID: 0.0000 

STORE EXAMPLE PATCHES.
[0/200][82/111]	en_real: -14.1158	en_noise: -13.9467	en_samp: -14.1198	E_l: 0.0039	Recon_l: 1113546.1250	Recon_l_1: 0.0000	Recon_l_2: 0.0000	Recon_l_3: 0.0000	Recon_l_4: 0.0000	Recon_l_5: 0.0000	Recon_l_6: 0.0000	Dice: 0.4405	DiceProc: 0.0000	FID: 0.0000 

STORE EXAMPLE PATCHES.
[0/200][83/111]	en_real: -13.5409	en_noise: -13.2654	en_samp: -13.5421	E_l: 0.0012	Recon_l: 1115119.8750	Recon_l_1: 0.0000	Recon_l_2: 0.0000	Recon_l_3: 0.0000	Recon_l_4: 0.0000	Recon_l_5: 0.0000	Recon_l_6: 0.0000	Dice: 0.3968	DiceProc: 0.0000	FID: 0.0000 

STORE EXAMPLE PATCHES.
[0/200][84/111]	en_real: -12.9966	en_noise: -12.7152	en_samp: -12.9989	E_l: 0.0023	Recon_l: 1104814.8750	Recon_l_1: 0.0000	Recon_l_2: 0.0000	Recon_l_3: 0.0000	Recon_l_4: 0.0000	Recon_l_5: 0.0000	Recon_l_6: 0.0000	Dice: 0.4478	DiceProc: 0.0000	FID: 0.0000 

STORE EXAMPLE PATCHES.
[0/200][85/111]	en_real: -13.2887	en_noise: -13.0023	en_samp: -13.2909	E_l: 0.0022	Recon_l: 1101205.3750	Recon_l_1: 0.0000	Recon_l_2: 0.0000	Recon_l_3: 0.0000	Recon_l_4: 0.0000	Recon_l_5: 0.0000	Recon_l_6: 0.0000	Dice: 0.4382	DiceProc: 0.0000	FID: 0.0000 

STORE EXAMPLE PATCHES.
[0/200][86/111]	en_real: -13.7168	en_noise: -13.3767	en_samp: -13.7203	E_l: 0.0035	Recon_l: 1091644.1250	Recon_l_1: 0.0000	Recon_l_2: 0.0000	Recon_l_3: 0.0000	Recon_l_4: 0.0000	Recon_l_5: 0.0000	Recon_l_6: 0.0000	Dice: 0.4950	DiceProc: 0.0000	FID: 0.0000 

STORE EXAMPLE PATCHES.
[0/200][87/111]	en_real: -15.0386	en_noise: -12.3061	en_samp: -12.3213	E_l: -2.7173	Recon_l: 1096613.5000	Recon_l_1: 0.0000	Recon_l_2: 0.0000	Recon_l_3: 0.0000	Recon_l_4: 0.0000	Recon_l_5: 0.0000	Recon_l_6: 0.0000	Dice: 0.4368	DiceProc: 0.0000	FID: 0.0000 

STORE EXAMPLE PATCHES.
[0/200][88/111]	en_real: -13.7831	en_noise: -13.4255	en_samp: -13.7829	E_l: -0.0002	Recon_l: 1085401.3750	Recon_l_1: 0.0000	Recon_l_2: 0.0000	Recon_l_3: 0.0000	Recon_l_4: 0.0000	Recon_l_5: 0.0000	Recon_l_6: 0.0000	Dice: 0.5048	DiceProc: 0.0000	FID: 0.0000 

STORE EXAMPLE PATCHES.
[0/200][89/111]	en_real: -14.7809	en_noise: -14.4626	en_samp: -14.7859	E_l: 0.0049	Recon_l: 1089367.8750	Recon_l_1: 0.0000	Recon_l_2: 0.0000	Recon_l_3: 0.0000	Recon_l_4: 0.0000	Recon_l_5: 0.0000	Recon_l_6: 0.0000	Dice: 0.4666	DiceProc: 0.0000	FID: 0.0000 

STORE EXAMPLE PATCHES.
[0/200][90/111]	en_real: -14.8026	en_noise: -11.9679	en_samp: -12.0699	E_l: -2.7327	Recon_l: 1083877.0000	Recon_l_1: 0.0000	Recon_l_2: 0.0000	Recon_l_3: 0.0000	Recon_l_4: 0.0000	Recon_l_5: 0.0000	Recon_l_6: 0.0000	Dice: 0.4732	DiceProc: 0.0000	FID: 0.0000 

STORE EXAMPLE PATCHES.
[0/200][91/111]	en_real: -15.3636	en_noise: -15.0225	en_samp: -15.3609	E_l: -0.0027	Recon_l: 1081947.1250	Recon_l_1: 0.0000	Recon_l_2: 0.0000	Recon_l_3: 0.0000	Recon_l_4: 0.0000	Recon_l_5: 0.0000	Recon_l_6: 0.0000	Dice: 0.4944	DiceProc: 0.0000	FID: 0.0000 

STORE EXAMPLE PATCHES.
[0/200][92/111]	en_real: -15.1498	en_noise: -14.8170	en_samp: -15.1494	E_l: -0.0005	Recon_l: 1079878.8750	Recon_l_1: 0.0000	Recon_l_2: 0.0000	Recon_l_3: 0.0000	Recon_l_4: 0.0000	Recon_l_5: 0.0000	Recon_l_6: 0.0000	Dice: 0.4856	DiceProc: 0.0000	FID: 0.0000 

STORE EXAMPLE PATCHES.
[0/200][93/111]	en_real: -17.7574	en_noise: -17.4654	en_samp: -17.7613	E_l: 0.0040	Recon_l: 1068843.1250	Recon_l_1: 0.0000	Recon_l_2: 0.0000	Recon_l_3: 0.0000	Recon_l_4: 0.0000	Recon_l_5: 0.0000	Recon_l_6: 0.0000	Dice: 0.5251	DiceProc: 0.0000	FID: 0.0000 

STORE EXAMPLE PATCHES.
[0/200][94/111]	en_real: -15.0194	en_noise: -14.6029	en_samp: -15.0222	E_l: 0.0028	Recon_l: 1068737.8750	Recon_l_1: 0.0000	Recon_l_2: 0.0000	Recon_l_3: 0.0000	Recon_l_4: 0.0000	Recon_l_5: 0.0000	Recon_l_6: 0.0000	Dice: 0.4802	DiceProc: 0.0000	FID: 0.0000 

STORE EXAMPLE PATCHES.
[0/200][95/111]	en_real: -16.7458	en_noise: -16.4427	en_samp: -16.7465	E_l: 0.0008	Recon_l: 1067452.2500	Recon_l_1: 0.0000	Recon_l_2: 0.0000	Recon_l_3: 0.0000	Recon_l_4: 0.0000	Recon_l_5: 0.0000	Recon_l_6: 0.0000	Dice: 0.4983	DiceProc: 0.0000	FID: 0.0000 

STORE EXAMPLE PATCHES.
[0/200][96/111]	en_real: -17.6016	en_noise: -17.2902	en_samp: -17.6038	E_l: 0.0023	Recon_l: 1070438.0000	Recon_l_1: 0.0000	Recon_l_2: 0.0000	Recon_l_3: 0.0000	Recon_l_4: 0.0000	Recon_l_5: 0.0000	Recon_l_6: 0.0000	Dice: 0.4804	DiceProc: 0.0000	FID: 0.0000 

STORE EXAMPLE PATCHES.
[0/200][97/111]	en_real: -16.1104	en_noise: -15.7085	en_samp: -16.1111	E_l: 0.0007	Recon_l: 1059839.2500	Recon_l_1: 0.0000	Recon_l_2: 0.0000	Recon_l_3: 0.0000	Recon_l_4: 0.0000	Recon_l_5: 0.0000	Recon_l_6: 0.0000	Dice: 0.5301	DiceProc: 0.0000	FID: 0.0000 

STORE EXAMPLE PATCHES.
[0/200][98/111]	en_real: -19.6616	en_noise: -19.4256	en_samp: -19.6626	E_l: 0.0010	Recon_l: 1059165.1250	Recon_l_1: 0.0000	Recon_l_2: 0.0000	Recon_l_3: 0.0000	Recon_l_4: 0.0000	Recon_l_5: 0.0000	Recon_l_6: 0.0000	Dice: 0.4981	DiceProc: 0.0000	FID: 0.0000 

STORE EXAMPLE PATCHES.
[0/200][99/111]	en_real: -19.6936	en_noise: -19.4496	en_samp: -19.6930	E_l: -0.0005	Recon_l: 1054266.1250	Recon_l_1: 0.0000	Recon_l_2: 0.0000	Recon_l_3: 0.0000	Recon_l_4: 0.0000	Recon_l_5: 0.0000	Recon_l_6: 0.0000	Dice: 0.5330	DiceProc: 0.0000	FID: 0.0000 

STORE EXAMPLE PATCHES.
[0/200][100/111]	en_real: -17.0411	en_noise: -16.6223	en_samp: -17.0445	E_l: 0.0034	Recon_l: 1049583.0000	Recon_l_1: 0.0000	Recon_l_2: 0.0000	Recon_l_3: 0.0000	Recon_l_4: 0.0000	Recon_l_5: 0.0000	Recon_l_6: 0.0000	Dice: 0.5392	DiceProc: 0.0000	FID: 0.0000 

STORE EXAMPLE PATCHES.
[0/200][101/111]	en_real: -18.6278	en_noise: -15.0376	en_samp: -15.1116	E_l: -3.5161	Recon_l: 1043069.0625	Recon_l_1: 0.0000	Recon_l_2: 0.0000	Recon_l_3: 0.0000	Recon_l_4: 0.0000	Recon_l_5: 0.0000	Recon_l_6: 0.0000	Dice: 0.5529	DiceProc: 0.0000	FID: 0.0000 

STORE EXAMPLE PATCHES.
[0/200][102/111]	en_real: -17.5180	en_noise: -17.1430	en_samp: -17.5211	E_l: 0.0032	Recon_l: 1045178.5625	Recon_l_1: 0.0000	Recon_l_2: 0.0000	Recon_l_3: 0.0000	Recon_l_4: 0.0000	Recon_l_5: 0.0000	Recon_l_6: 0.0000	Dice: 0.5510	DiceProc: 0.0000	FID: 0.0000 

STORE EXAMPLE PATCHES.
[0/200][103/111]	en_real: -21.4953	en_noise: -21.2962	en_samp: -21.4951	E_l: -0.0002	Recon_l: 1045008.0625	Recon_l_1: 0.0000	Recon_l_2: 0.0000	Recon_l_3: 0.0000	Recon_l_4: 0.0000	Recon_l_5: 0.0000	Recon_l_6: 0.0000	Dice: 0.5196	DiceProc: 0.0000	FID: 0.0000 

STORE EXAMPLE PATCHES.
[0/200][104/111]	en_real: -18.3791	en_noise: -17.9945	en_samp: -18.3799	E_l: 0.0009	Recon_l: 1046828.8750	Recon_l_1: 0.0000	Recon_l_2: 0.0000	Recon_l_3: 0.0000	Recon_l_4: 0.0000	Recon_l_5: 0.0000	Recon_l_6: 0.0000	Dice: 0.4946	DiceProc: 0.0000	FID: 0.0000 

STORE EXAMPLE PATCHES.
[0/200][105/111]	en_real: -17.9615	en_noise: -17.5583	en_samp: -17.9676	E_l: 0.0061	Recon_l: 1038863.1250	Recon_l_1: 0.0000	Recon_l_2: 0.0000	Recon_l_3: 0.0000	Recon_l_4: 0.0000	Recon_l_5: 0.0000	Recon_l_6: 0.0000	Dice: 0.5254	DiceProc: 0.0000	FID: 0.0000 

STORE EXAMPLE PATCHES.
[0/200][106/111]	en_real: -20.6614	en_noise: -20.3738	en_samp: -20.6646	E_l: 0.0032	Recon_l: 1039362.6875	Recon_l_1: 0.0000	Recon_l_2: 0.0000	Recon_l_3: 0.0000	Recon_l_4: 0.0000	Recon_l_5: 0.0000	Recon_l_6: 0.0000	Dice: 0.4946	DiceProc: 0.0000	FID: 0.0000 

STORE EXAMPLE PATCHES.
[0/200][107/111]	en_real: -21.1376	en_noise: -20.8198	en_samp: -21.1370	E_l: -0.0005	Recon_l: 1030185.6875	Recon_l_1: 0.0000	Recon_l_2: 0.0000	Recon_l_3: 0.0000	Recon_l_4: 0.0000	Recon_l_5: 0.0000	Recon_l_6: 0.0000	Dice: 0.5414	DiceProc: 0.0000	FID: 0.0000 

STORE EXAMPLE PATCHES.
[0/200][108/111]	en_real: -17.6509	en_noise: -13.6652	en_samp: -13.9666	E_l: -3.6843	Recon_l: 1031797.3750	Recon_l_1: 0.0000	Recon_l_2: 0.0000	Recon_l_3: 0.0000	Recon_l_4: 0.0000	Recon_l_5: 0.0000	Recon_l_6: 0.0000	Dice: 0.5607	DiceProc: 0.0000	FID: 0.0000 

STORE EXAMPLE PATCHES.
[0/200][109/111]	en_real: -21.5694	en_noise: -21.1529	en_samp: -21.5718	E_l: 0.0024	Recon_l: 1016086.8125	Recon_l_1: 0.0000	Recon_l_2: 0.0000	Recon_l_3: 0.0000	Recon_l_4: 0.0000	Recon_l_5: 0.0000	Recon_l_6: 0.0000	Dice: 0.6007	DiceProc: 0.0000	FID: 0.0000 

STORE EXAMPLE PATCHES.
[0/200][110/111]	en_real: -21.1841	en_noise: -20.7584	en_samp: -21.1824	E_l: -0.0017	Recon_l: 1027053.6250	Recon_l_1: 0.0000	Recon_l_2: 0.0000	Recon_l_3: 0.0000	Recon_l_4: 0.0000	Recon_l_5: 0.0000	Recon_l_6: 0.0000	Dice: 0.5296	DiceProc: 0.0000	FID: 0.0000 

STORE EXAMPLE PATCHES.

train Epoch: 0 	  En real: -8.0251 	  En noise: -7.6700 	  En samp: -7.8013 	  ELoss: -0.2237 	 ReconLoss: 1241512.0372 	 ReconLoss_1: 0.0000 	 ReconLoss_2: 0.0000 	 ReconLoss_3: 0.0000 	 ReconLoss_4: 0.0000 	 ReconLoss_5: 0.0000 	 ReconLoss_6: 0.0000 	 VaeDice: 0.2787 	 VaeDiceProc: 0.0 	 FID: 0.0000%


main_LSDEBM_Vert_01.py:170: UserWarning: torch.range is deprecated and will be removed in a future release because its behavior is inconsistent with Python's range builtin. Instead, use torch.arange, which produces values in [start, end).
  insert_mask = (torch.ones(hor+1)*t == torch.range(0, hor)).float().to(noise.device)
[0/200][0/18]	en_real: -22.4416	en_noise: -22.0522	en_samp: -22.4410	E_l: -0.0007	Recon_l: 1015265.0000	Recon_l_1: 4060775.5000	Recon_l_2: 4060753.7500	Recon_l_3: 4061113.5000	Recon_l_4: 4061104.5000	Recon_l_5: 4061502.7500	Recon_l_6: 3634462.0000	Dice: 0.5610	DiceProc: 0.0000	FID: 28557.5117 

STORE EXAMPLE PATCHES.
[0/200][1/18]	en_real: -21.3479	en_noise: -21.0309	en_samp: -21.3528	E_l: 0.0049	Recon_l: 1017359.3750	Recon_l_1: 4069096.0000	Recon_l_2: 4069292.5000	Recon_l_3: 4069564.0000	Recon_l_4: 4069504.2500	Recon_l_5: 4069478.2500	Recon_l_6: 3625232.0000	Dice: 0.5205	DiceProc: 0.0000	FID: 24752.8672 

STORE EXAMPLE PATCHES.
[0/200][2/18]	en_real: -18.7934	en_noise: -18.3320	en_samp: -18.7962	E_l: 0.0029	Recon_l: 1016678.5625	Recon_l_1: 4066432.5000	Recon_l_2: 4066400.2500	Recon_l_3: 4066621.5000	Recon_l_4: 4066795.2500	Recon_l_5: 4066645.2500	Recon_l_6: 3565605.5000	Dice: 0.4986	DiceProc: 0.0000	FID: 24897.7891 

STORE EXAMPLE PATCHES.
[0/200][3/18]	en_real: -19.3567	en_noise: -15.1922	en_samp: -15.3438	E_l: -4.0129	Recon_l: 1010742.0625	Recon_l_1: 4042730.7500	Recon_l_2: 4042859.0000	Recon_l_3: 4042737.5000	Recon_l_4: 4042860.0000	Recon_l_5: 4042893.5000	Recon_l_6: 3600525.2500	Dice: 0.5492	DiceProc: 0.0000	FID: 25628.5781 

STORE EXAMPLE PATCHES.
[0/200][4/18]	en_real: -19.2856	en_noise: -18.8319	en_samp: -19.2910	E_l: 0.0054	Recon_l: 1015956.0625	Recon_l_1: 4063503.0000	Recon_l_2: 4063573.0000	Recon_l_3: 4063444.0000	Recon_l_4: 4063934.5000	Recon_l_5: 4063733.5000	Recon_l_6: 3645962.5000	Dice: 0.5624	DiceProc: 0.0000	FID: 27358.1270 

STORE EXAMPLE PATCHES.
[0/200][5/18]	en_real: -19.0213	en_noise: -18.5746	en_samp: -19.0231	E_l: 0.0019	Recon_l: 1012276.5625	Recon_l_1: 4048919.5000	Recon_l_2: 4048981.5000	Recon_l_3: 4049000.2500	Recon_l_4: 4049218.0000	Recon_l_5: 4049377.2500	Recon_l_6: 3591409.0000	Dice: 0.5121	DiceProc: 0.0000	FID: 24361.6465 

STORE EXAMPLE PATCHES.
[0/200][6/18]	en_real: -20.9652	en_noise: -20.6919	en_samp: -20.9679	E_l: 0.0027	Recon_l: 1017013.4375	Recon_l_1: 4067842.2500	Recon_l_2: 4067963.0000	Recon_l_3: 4067952.0000	Recon_l_4: 4068447.5000	Recon_l_5: 4068632.5000	Recon_l_6: 3609661.0000	Dice: 0.5063	DiceProc: 0.0000	FID: 24183.8652 

STORE EXAMPLE PATCHES.
[0/200][7/18]	en_real: -20.5696	en_noise: -20.1221	en_samp: -20.5731	E_l: 0.0035	Recon_l: 1011589.6875	Recon_l_1: 4046045.5000	Recon_l_2: 4046241.5000	Recon_l_3: 4046223.5000	Recon_l_4: 4046426.5000	Recon_l_5: 4046305.7500	Recon_l_6: 3591641.0000	Dice: 0.5399	DiceProc: 0.0000	FID: 25185.6016 

STORE EXAMPLE PATCHES.
[0/200][8/18]	en_real: -24.2663	en_noise: -23.9843	en_samp: -24.2708	E_l: 0.0045	Recon_l: 1011101.0000	Recon_l_1: 4044137.5000	Recon_l_2: 4044186.7500	Recon_l_3: 4044313.5000	Recon_l_4: 4044628.5000	Recon_l_5: 4044695.0000	Recon_l_6: 3628370.2500	Dice: 0.5561	DiceProc: 0.0000	FID: 27859.1055 

STORE EXAMPLE PATCHES.
[0/200][9/18]	en_real: -20.2122	en_noise: -16.6891	en_samp: -16.7800	E_l: -3.4322	Recon_l: 1015593.2500	Recon_l_1: 4062121.7500	Recon_l_2: 4062221.0000	Recon_l_3: 4062445.5000	Recon_l_4: 4062376.5000	Recon_l_5: 4062411.7500	Recon_l_6: 3587516.5000	Dice: 0.5278	DiceProc: 0.0000	FID: 25085.1953 

STORE EXAMPLE PATCHES.
[0/200][10/18]	en_real: -22.3144	en_noise: -22.0255	en_samp: -22.3144	E_l: 0.0000	Recon_l: 1006797.7500	Recon_l_1: 4026956.0000	Recon_l_2: 4027052.7500	Recon_l_3: 4027330.5000	Recon_l_4: 4027158.0000	Recon_l_5: 4027406.7500	Recon_l_6: 3606248.0000	Dice: 0.5691	DiceProc: 0.0000	FID: 26970.2773 

STORE EXAMPLE PATCHES.
[0/200][11/18]	en_real: -22.5467	en_noise: -22.1777	en_samp: -22.5499	E_l: 0.0033	Recon_l: 1008189.1250	Recon_l_1: 4032470.0000	Recon_l_2: 4032565.0000	Recon_l_3: 4032448.7500	Recon_l_4: 4032721.7500	Recon_l_5: 4033147.0000	Recon_l_6: 3609638.7500	Dice: 0.5454	DiceProc: 0.0000	FID: 26305.4570 

STORE EXAMPLE PATCHES.
[0/200][12/18]	en_real: -20.9609	en_noise: -20.5544	en_samp: -20.9608	E_l: -0.0001	Recon_l: 1019229.2500	Recon_l_1: 4076645.2500	Recon_l_2: 4076760.5000	Recon_l_3: 4076904.5000	Recon_l_4: 4077224.0000	Recon_l_5: 4077421.2500	Recon_l_6: 3589529.0000	Dice: 0.5061	DiceProc: 0.0000	FID: 24673.6465 

STORE EXAMPLE PATCHES.
[0/200][13/18]	en_real: -19.8254	en_noise: -19.3746	en_samp: -19.8311	E_l: 0.0058	Recon_l: 1011029.5000	Recon_l_1: 4043959.0000	Recon_l_2: 4044065.5000	Recon_l_3: 4044200.0000	Recon_l_4: 4044232.2500	Recon_l_5: 4044427.0000	Recon_l_6: 3635870.5000	Dice: 0.5765	DiceProc: 0.0000	FID: 28098.1699 

STORE EXAMPLE PATCHES.
[0/200][14/18]	en_real: -21.5347	en_noise: -21.1037	en_samp: -21.5355	E_l: 0.0008	Recon_l: 1022071.6875	Recon_l_1: 4087996.0000	Recon_l_2: 4088174.5000	Recon_l_3: 4088320.0000	Recon_l_4: 4088530.2500	Recon_l_5: 4088644.7500	Recon_l_6: 3654762.7500	Dice: 0.5331	DiceProc: 0.0000	FID: 27992.0859 

STORE EXAMPLE PATCHES.
[0/200][15/18]	en_real: -22.8499	en_noise: -22.4207	en_samp: -22.8497	E_l: -0.0002	Recon_l: 1009996.6875	Recon_l_1: 4039725.0000	Recon_l_2: 4039754.2500	Recon_l_3: 4039767.7500	Recon_l_4: 4040171.0000	Recon_l_5: 4040454.5000	Recon_l_6: 3632029.0000	Dice: 0.5655	DiceProc: 0.0000	FID: 29627.3965 

STORE EXAMPLE PATCHES.
[0/200][16/18]	en_real: -23.3080	en_noise: -23.0034	en_samp: -23.3094	E_l: 0.0014	Recon_l: 1008133.7500	Recon_l_1: 4032276.5000	Recon_l_2: 4032277.7500	Recon_l_3: 4032496.7500	Recon_l_4: 4032256.7500	Recon_l_5: 4032732.5000	Recon_l_6: 3616489.0000	Dice: 0.5644	DiceProc: 0.0000	FID: 25749.8691 

STORE EXAMPLE PATCHES.
[0/200][17/18]	en_real: -18.1301	en_noise: -17.6446	en_samp: -18.1313	E_l: 0.0012	Recon_l: 1016467.8750	Recon_l_1: 4065519.5000	Recon_l_2: 4065497.2500	Recon_l_3: 4065779.0000	Recon_l_4: 4065472.0000	Recon_l_5: 4066370.0000	Recon_l_6: 3619620.2500	Dice: 0.5284	DiceProc: 0.0000	FID: 25535.3789 

STORE EXAMPLE PATCHES.

validation Epoch: 0 	  En real: -20.9850 	  En noise: -20.2114 	  En samp: -20.5734 	  ELoss: -0.4115 	 ReconLoss: 1013638.3681 	 ReconLoss_1: 4054286.1944 	 ReconLoss_2: 4054367.7639 	 ReconLoss_3: 4054481.2500 	 ReconLoss_4: 4054614.5278 	 ReconLoss_5: 4054793.2917 	 ReconLoss_6: 3613587.3472 	 VaeDice: 0.5401 	 VaeDiceProc: 0.0 	 FID: 26267.9219%




Traceback (most recent call last):
  File "main_LSDEBM_Vert_01.py", line 745, in <module>
    torch.save(e_func.state_dict(),os.path.join(main_path,'experiments','efunc_'+str(epoch)+'.pth'))
  File "/itet-stor/yankwang/net_scratch/conda_envs/ve_py37_lsd_A100_20230202/lib/python3.7/site-packages/torch/serialization.py", line 376, in save
    with _open_file_like(f, 'wb') as opened_file:
  File "/itet-stor/yankwang/net_scratch/conda_envs/ve_py37_lsd_A100_20230202/lib/python3.7/site-packages/torch/serialization.py", line 230, in _open_file_like
    return _open_file(name_or_buffer, mode)
  File "/itet-stor/yankwang/net_scratch/conda_envs/ve_py37_lsd_A100_20230202/lib/python3.7/site-packages/torch/serialization.py", line 211, in __init__
    super(_open_file, self).__init__(open(name, mode))
FileNotFoundError: [Errno 2] No such file or directory: './../Vert_data/LSD-EBM_Vert/experiments/efunc_0.pth'
