num_epochs 201
batch_size 4
ebm_lr 0.0001
gen_lr 0.0001
load_from_ep 0
epoch_start 0
recon_loss bce
ebm_dyn_lr None
gen_dyn_lr None
EBM_reg 0
save_model True
train_set XXX_bodies_data_train
validation_set XXX_bodies_data_validation
test_set XXX_bodies_data_test
experiment Test
save_visu True
ep_betw_val 1
num_channels 16
num_latents 100
prior_var 1.0
prior_bn True
gen_var 0.3
ebm_num_layers 3
ebm_inner_dim 300
use_samp_buff False
samp_buff_size 256
pr_mcmc_steps_tr 30
pr_mcmc_steps_val 30
pr_mcmc_step_size 0.4
pr_mcmc_noise_var 1.0
po_mcmc_steps_tr 20
po_mcmc_steps_val 20
po_mcmc_steps_test 20
po_mcmc_step_size 0.1
po_mcmc_noise_var 1.0
pr_mcmc_step_gamma 1.0
po_mcmc_step_gamma 1.0
test_perf True
Traceback (most recent call last):
  File "main_LEBM_Vert_04.py", line 151, in <module>
    e_func    = E_func(args.num_latents, args.ebm_inner_dim, args.ebm_num_layers, batchnorm=args.prior_bn).to(device)
  File "/usr/itetnas04/data-scratch-01/yankwang/data/Codes/MT_LSD_EBM_ToKyr/LSDEBM_Vert/LSD-EBM_code/model_Unet_lebm.py", line 257, in __init__
    self.ebm.append(l)
  File "/itet-stor/yankwang/net_scratch/conda_envs/ve_py37_lsd_A100_20230202/lib/python3.7/site-packages/torch/nn/modules/module.py", line 1131, in __getattr__
    type(self).__name__, name))
AttributeError: 'Sequential' object has no attribute 'append'
